This is LuaHBTeX, Version 1.14.0 (TeX Live 2022/dev/Debian)  (format=lualatex 2024.3.27)  11 FEB 2025 21:11
 restricted system commands enabled.
**save.tex
(./save.tex
LaTeX2e <2021-11-15> patch level 1
Lua module: luaotfload 2021-05-21 3.18 Lua based OpenType font support
Lua module: lualibs 2021-05-20 2.74 ConTeXt Lua standard libraries.
Lua module: lualibs-extended 2021-05-20 2.74 ConTeXt Lua libraries -- extended c
ollection.
luaotfload | conf : Root cache directory is "/home/dlopespinto/.texlive2021/texm
f-var/luatex-cache/generic/names".
luaotfload | init : Loading fontloader "fontloader-2021-05-20.lua" from kpse-res
olved path "/usr/share/texlive/texmf-dist/tex/luatex/luaotfload/fontloader-2021-
05-20.lua".
Lua-only attribute luaotfload@noligature = 1
Lua-only attribute luaotfload@syllabe = 2
luaotfload | init : Context OpenType loader version 3.116
Inserting `luaotfload.node_processor' at position 1 in `pre_linebreak_filter'.
Inserting `luaotfload.node_processor' at position 1 in `hpack_filter'.
Inserting `luaotfload.glyph_stream' at position 1 in `glyph_stream_provider'.
Inserting `luaotfload.define_font' at position 1 in `define_font'.
Lua-only attribute luaotfload_color_attribute = 3
luaotfload | conf : Root cache directory is "/home/dlopespinto/.texlive2021/texm
f-var/luatex-cache/generic/names".
Inserting `luaotfload.harf.strip_prefix' at position 1 in `find_opentype_file'.
Inserting `luaotfload.harf.strip_prefix' at position 1 in `find_truetype_file'.
Inserting `luaotfload.harf.finalize_vlist' at position 1 in `post_linebreak_filt
er'.
Inserting `luaotfload.harf.finalize_hlist' at position 2 in `hpack_filter'.
Inserting `luaotfload.cleanup_files' at position 1 in `wrapup_run'.
Inserting `luaotfload.harf.finalize_unicode' at position 1 in `finish_pdffile'.
Inserting `luaotfload.glyphinfo' at position 1 in `glyph_info'.
Lua-only attribute luaotfload.letterspace_done = 4
Inserting `luaotfload.aux.set_sscale_dimens' at position 1 in `luaotfload.patch_
font'.
Inserting `luaotfload.aux.set_font_index' at position 2 in `luaotfload.patch_fon
t'.
Inserting `luaotfload.aux.patch_cambria_domh' at position 3 in `luaotfload.patch
_font'.
Inserting `luaotfload.aux.fixup_fontdata' at position 1 in `luaotfload.patch_fon
t_unsafe'.
Inserting `luaotfload.aux.set_capheight' at position 4 in `luaotfload.patch_font
'.
Inserting `luaotfload.aux.set_xheight' at position 5 in `luaotfload.patch_font'.
Inserting `luaotfload.rewrite_fontname' at position 6 in `luaotfload.patch_font'
. L3 programming layer <2022-01-21>
Inserting `tracingstacklevels' at position 1 in `input_level_string'.
(/usr/share/texlive/texmf-dist/tex/latex/beamer/beamer.cls
Document Class: beamer 2022/01/21 v3.65 A class for typesetting presentations
(/usr/share/texlive/texmf-dist/tex/latex/beamer/beamerbasemodes.sty
(/usr/share/texlive/texmf-dist/tex/latex/etoolbox/etoolbox.sty
Package: etoolbox 2020/10/05 v2.5k e-TeX tools for LaTeX (JAW)
\etb@tempcnta=\count183
)
\beamer@tempbox=\box50
\beamer@tempcount=\count184
\c@beamerpauses=\count185

(/usr/share/texlive/texmf-dist/tex/latex/beamer/beamerbasedecode.sty
\beamer@slideinframe=\count186
\beamer@minimum=\count187
\beamer@decode@box=\box51
)
\beamer@commentbox=\box52
\beamer@modecount=\count188
)
(/usr/share/texlive/texmf-dist/tex/generic/iftex/ifpdf.sty
Package: ifpdf 2019/10/25 v3.4 ifpdf legacy package. Use iftex instead.

(/usr/share/texlive/texmf-dist/tex/generic/iftex/iftex.sty
Package: iftex 2020/03/06 v1.0d TeX engine tests
))
\headdp=\dimen137
\footheight=\dimen138
\sidebarheight=\dimen139
\beamer@tempdim=\dimen140
\beamer@finalheight=\dimen141
\beamer@animht=\dimen142
\beamer@animdp=\dimen143
\beamer@animwd=\dimen144
\beamer@leftmargin=\dimen145
\beamer@rightmargin=\dimen146
\beamer@leftsidebar=\dimen147
\beamer@rightsidebar=\dimen148
\beamer@boxsize=\dimen149
\beamer@vboxoffset=\dimen150
\beamer@descdefault=\dimen151
\beamer@descriptionwidth=\dimen152
\beamer@lastskip=\skip47
\beamer@areabox=\box53
\beamer@animcurrent=\box54
\beamer@animshowbox=\box55
\beamer@sectionbox=\box56
\beamer@logobox=\box57
\beamer@linebox=\box58
\beamer@sectioncount=\count189
\beamer@subsubsectionmax=\count190
\beamer@subsectionmax=\count191
\beamer@sectionmax=\count192
\beamer@totalheads=\count193
\beamer@headcounter=\count194
\beamer@partstartpage=\count195
\beamer@sectionstartpage=\count196
\beamer@subsectionstartpage=\count197
\beamer@animationtempa=\count198
\beamer@animationtempb=\count199
\beamer@xpos=\count266
\beamer@ypos=\count267
\beamer@ypos@offset=\count268
\beamer@showpartnumber=\count269
\beamer@currentsubsection=\count270
\beamer@coveringdepth=\count271
\beamer@sectionadjust=\count272
\beamer@toclastsection=\count273
\beamer@tocsectionnumber=\count274

(/usr/share/texlive/texmf-dist/tex/latex/beamer/beamerbaseoptions.sty
(/usr/share/texlive/texmf-dist/tex/latex/graphics/keyval.sty
Package: keyval 2014/10/28 v1.15 key=value parser (DPC)
\KV@toks@=\toks16
))
\beamer@paperwidth=\skip48
\beamer@paperheight=\skip49

(/usr/share/texlive/texmf-dist/tex/latex/geometry/geometry.sty
Package: geometry 2020/01/02 v5.9 Page Geometry

(/usr/share/texlive/texmf-dist/tex/generic/iftex/ifvtex.sty
Package: ifvtex 2019/10/25 v1.7 ifvtex legacy package. Use iftex instead.
)
\Gm@cnth=\count275
\Gm@cntv=\count276
\c@Gm@tempcnt=\count277
\Gm@bindingoffset=\dimen153
\Gm@wd@mp=\dimen154
\Gm@odd@mp=\dimen155
\Gm@even@mp=\dimen156
\Gm@layoutwidth=\dimen157
\Gm@layoutheight=\dimen158
\Gm@layouthoffset=\dimen159
\Gm@layoutvoffset=\dimen160
\Gm@dimlist=\toks17
)
(/usr/share/texlive/texmf-dist/tex/latex/pgf/basiclayer/pgfcore.sty
(/usr/share/texlive/texmf-dist/tex/latex/graphics/graphicx.sty
Package: graphicx 2021/09/16 v1.2d Enhanced LaTeX Graphics (DPC,SPQR)

(/usr/share/texlive/texmf-dist/tex/latex/graphics/graphics.sty
Package: graphics 2021/03/04 v1.4d Standard LaTeX Graphics (DPC,SPQR)

(/usr/share/texlive/texmf-dist/tex/latex/graphics/trig.sty
Package: trig 2021/08/11 v1.11 sin cos tan (DPC)
)
(/usr/share/texlive/texmf-dist/tex/latex/graphics-cfg/graphics.cfg
File: graphics.cfg 2016/06/04 v1.11 sample graphics configuration
)
Package graphics Info: Driver file: luatex.def on input line 107.

(/usr/share/texlive/texmf-dist/tex/latex/graphics-def/luatex.def
File: luatex.def 2021/06/01 v1.2c Graphics/color driver for luatex
))
\Gin@req@height=\dimen161
\Gin@req@width=\dimen162
)
(/usr/share/texlive/texmf-dist/tex/latex/pgf/systemlayer/pgfsys.sty
(/usr/share/texlive/texmf-dist/tex/latex/pgf/utilities/pgfrcs.sty
(/usr/share/texlive/texmf-dist/tex/generic/pgf/utilities/pgfutil-common.tex
\pgfutil@everybye=\toks18
\pgfutil@tempdima=\dimen163
\pgfutil@tempdimb=\dimen164

(/usr/share/texlive/texmf-dist/tex/generic/pgf/utilities/pgfutil-common-lists.t
ex)) (/usr/share/texlive/texmf-dist/tex/generic/pgf/utilities/pgfutil-latex.def
\pgfutil@abb=\box59
) (/usr/share/texlive/texmf-dist/tex/generic/pgf/utilities/pgfrcs.code.tex
(/usr/share/texlive/texmf-dist/tex/generic/pgf/pgf.revision.tex)
Package: pgfrcs 2021/05/15 v3.1.9a (3.1.9a)
))
(/usr/share/texlive/texmf-dist/tex/generic/pgf/systemlayer/pgfsys.code.tex
Package: pgfsys 2021/05/15 v3.1.9a (3.1.9a)

(/usr/share/texlive/texmf-dist/tex/generic/pgf/utilities/pgfkeys.code.tex
\pgfkeys@pathtoks=\toks19
\pgfkeys@temptoks=\toks20

(/usr/share/texlive/texmf-dist/tex/generic/pgf/utilities/pgfkeysfiltered.code.t
ex
\pgfkeys@tmptoks=\toks21
))
\pgf@x=\dimen165
\pgf@y=\dimen166
\pgf@xa=\dimen167
\pgf@ya=\dimen168
\pgf@xb=\dimen169
\pgf@yb=\dimen170
\pgf@xc=\dimen171
\pgf@yc=\dimen172
\pgf@xd=\dimen173
\pgf@yd=\dimen174
\w@pgf@writea=\write3
\r@pgf@reada=\read2
\c@pgf@counta=\count278
\c@pgf@countb=\count279
\c@pgf@countc=\count280
\c@pgf@countd=\count281
\t@pgf@toka=\toks22
\t@pgf@tokb=\toks23
\t@pgf@tokc=\toks24
\pgf@sys@id@count=\count282
 (/usr/share/texlive/texmf-dist/tex/generic/pgf/systemlayer/pgf.cfg
File: pgf.cfg 2021/05/15 v3.1.9a (3.1.9a)
)
Driver file for pgf: pgfsys-luatex.def

(/usr/share/texlive/texmf-dist/tex/generic/pgf/systemlayer/pgfsys-luatex.def
File: pgfsys-luatex.def 2021/05/15 v3.1.9a (3.1.9a)

(/usr/share/texlive/texmf-dist/tex/generic/pgf/systemlayer/pgfsys-common-pdf.de
f
File: pgfsys-common-pdf.def 2021/05/15 v3.1.9a (3.1.9a)
)))
(/usr/share/texlive/texmf-dist/tex/generic/pgf/systemlayer/pgfsyssoftpath.code.
tex
File: pgfsyssoftpath.code.tex 2021/05/15 v3.1.9a (3.1.9a)
\pgfsyssoftpath@smallbuffer@items=\count283
\pgfsyssoftpath@bigbuffer@items=\count284
)
(/usr/share/texlive/texmf-dist/tex/generic/pgf/systemlayer/pgfsysprotocol.code.
tex
File: pgfsysprotocol.code.tex 2021/05/15 v3.1.9a (3.1.9a)
)) (/usr/share/texlive/texmf-dist/tex/latex/xcolor/xcolor.sty
Package: xcolor 2021/10/31 v2.13 LaTeX color extensions (UK)

(/usr/share/texlive/texmf-dist/tex/latex/graphics-cfg/color.cfg
File: color.cfg 2016/01/02 v1.6 sample color configuration
)
Package xcolor Info: Driver file: luatex.def on input line 227.
Package xcolor Info: Model `cmy' substituted by `cmy0' on input line 1352.
Package xcolor Info: Model `hsb' substituted by `rgb' on input line 1356.
Package xcolor Info: Model `RGB' extended on input line 1368.
Package xcolor Info: Model `HTML' substituted by `rgb' on input line 1370.
Package xcolor Info: Model `Hsb' substituted by `hsb' on input line 1371.
Package xcolor Info: Model `tHsb' substituted by `hsb' on input line 1372.
Package xcolor Info: Model `HSB' substituted by `hsb' on input line 1373.
Package xcolor Info: Model `Gray' substituted by `gray' on input line 1374.
Package xcolor Info: Model `wave' substituted by `hsb' on input line 1375.
)
(/usr/share/texlive/texmf-dist/tex/generic/pgf/basiclayer/pgfcore.code.tex
Package: pgfcore 2021/05/15 v3.1.9a (3.1.9a)

(/usr/share/texlive/texmf-dist/tex/generic/pgf/math/pgfmath.code.tex
(/usr/share/texlive/texmf-dist/tex/generic/pgf/math/pgfmathcalc.code.tex
(/usr/share/texlive/texmf-dist/tex/generic/pgf/math/pgfmathutil.code.tex)
(/usr/share/texlive/texmf-dist/tex/generic/pgf/math/pgfmathparser.code.tex
\pgfmath@dimen=\dimen175
\pgfmath@count=\count285
\pgfmath@box=\box60
\pgfmath@toks=\toks25
\pgfmath@stack@operand=\toks26
\pgfmath@stack@operation=\toks27
)
(/usr/share/texlive/texmf-dist/tex/generic/pgf/math/pgfmathfunctions.code.tex
(/usr/share/texlive/texmf-dist/tex/generic/pgf/math/pgfmathfunctions.basic.code
.tex)
(/usr/share/texlive/texmf-dist/tex/generic/pgf/math/pgfmathfunctions.trigonomet
ric.code.tex)
(/usr/share/texlive/texmf-dist/tex/generic/pgf/math/pgfmathfunctions.random.cod
e.tex)
(/usr/share/texlive/texmf-dist/tex/generic/pgf/math/pgfmathfunctions.comparison
.code.tex)
(/usr/share/texlive/texmf-dist/tex/generic/pgf/math/pgfmathfunctions.base.code.
tex)
(/usr/share/texlive/texmf-dist/tex/generic/pgf/math/pgfmathfunctions.round.code
.tex)
(/usr/share/texlive/texmf-dist/tex/generic/pgf/math/pgfmathfunctions.misc.code.
tex)
(/usr/share/texlive/texmf-dist/tex/generic/pgf/math/pgfmathfunctions.integerari
thmetics.code.tex)))
(/usr/share/texlive/texmf-dist/tex/generic/pgf/math/pgfmathfloat.code.tex
\c@pgfmathroundto@lastzeros=\count286
))
(/usr/share/texlive/texmf-dist/tex/generic/pgf/math/pgfint.code.tex)
(/usr/share/texlive/texmf-dist/tex/generic/pgf/basiclayer/pgfcorepoints.code.te
x
File: pgfcorepoints.code.tex 2021/05/15 v3.1.9a (3.1.9a)
\pgf@picminx=\dimen176
\pgf@picmaxx=\dimen177
\pgf@picminy=\dimen178
\pgf@picmaxy=\dimen179
\pgf@pathminx=\dimen180
\pgf@pathmaxx=\dimen181
\pgf@pathminy=\dimen182
\pgf@pathmaxy=\dimen183
\pgf@xx=\dimen184
\pgf@xy=\dimen185
\pgf@yx=\dimen186
\pgf@yy=\dimen187
\pgf@zx=\dimen188
\pgf@zy=\dimen189
luaotfload | db : Font names database loaded from /home/dlopespinto/.texlive2021
/texmf-var/luatex-cache/generic/names/luaotfload-names.luc)
(/usr/share/texlive/texmf-dist/tex/generic/pgf/basiclayer/pgfcorepathconstruct.
code.tex
File: pgfcorepathconstruct.code.tex 2021/05/15 v3.1.9a (3.1.9a)
\pgf@path@lastx=\dimen190
\pgf@path@lasty=\dimen191
)
(/usr/share/texlive/texmf-dist/tex/generic/pgf/basiclayer/pgfcorepathusage.code
.tex
File: pgfcorepathusage.code.tex 2021/05/15 v3.1.9a (3.1.9a)
\pgf@shorten@end@additional=\dimen192
\pgf@shorten@start@additional=\dimen193
)
(/usr/share/texlive/texmf-dist/tex/generic/pgf/basiclayer/pgfcorescopes.code.te
x
File: pgfcorescopes.code.tex 2021/05/15 v3.1.9a (3.1.9a)
\pgfpic=\box61
\pgf@hbox=\box62
\pgf@layerbox@main=\box63
\pgf@picture@serial@count=\count287
)
(/usr/share/texlive/texmf-dist/tex/generic/pgf/basiclayer/pgfcoregraphicstate.c
ode.tex
File: pgfcoregraphicstate.code.tex 2021/05/15 v3.1.9a (3.1.9a)
\pgflinewidth=\dimen194
)
(/usr/share/texlive/texmf-dist/tex/generic/pgf/basiclayer/pgfcoretransformation
s.code.tex
File: pgfcoretransformations.code.tex 2021/05/15 v3.1.9a (3.1.9a)
\pgf@pt@x=\dimen195
\pgf@pt@y=\dimen196
\pgf@pt@temp=\dimen197
)
(/usr/share/texlive/texmf-dist/tex/generic/pgf/basiclayer/pgfcorequick.code.tex
File: pgfcorequick.code.tex 2021/05/15 v3.1.9a (3.1.9a)
)
(/usr/share/texlive/texmf-dist/tex/generic/pgf/basiclayer/pgfcoreobjects.code.t
ex
File: pgfcoreobjects.code.tex 2021/05/15 v3.1.9a (3.1.9a)
)
(/usr/share/texlive/texmf-dist/tex/generic/pgf/basiclayer/pgfcorepathprocessing
.code.tex
File: pgfcorepathprocessing.code.tex 2021/05/15 v3.1.9a (3.1.9a)
)
(/usr/share/texlive/texmf-dist/tex/generic/pgf/basiclayer/pgfcorearrows.code.te
x
File: pgfcorearrows.code.tex 2021/05/15 v3.1.9a (3.1.9a)
\pgfarrowsep=\dimen198
)
(/usr/share/texlive/texmf-dist/tex/generic/pgf/basiclayer/pgfcoreshade.code.tex
File: pgfcoreshade.code.tex 2021/05/15 v3.1.9a (3.1.9a)
\pgf@max=\dimen199
\pgf@sys@shading@range@num=\count288
\pgf@shadingcount=\count289
)
(/usr/share/texlive/texmf-dist/tex/generic/pgf/basiclayer/pgfcoreimage.code.tex
File: pgfcoreimage.code.tex 2021/05/15 v3.1.9a (3.1.9a)

(/usr/share/texlive/texmf-dist/tex/generic/pgf/basiclayer/pgfcoreexternal.code.
tex
File: pgfcoreexternal.code.tex 2021/05/15 v3.1.9a (3.1.9a)
\pgfexternal@startupbox=\box64
))
(/usr/share/texlive/texmf-dist/tex/generic/pgf/basiclayer/pgfcorelayers.code.te
x
File: pgfcorelayers.code.tex 2021/05/15 v3.1.9a (3.1.9a)
)
(/usr/share/texlive/texmf-dist/tex/generic/pgf/basiclayer/pgfcoretransparency.c
ode.tex
File: pgfcoretransparency.code.tex 2021/05/15 v3.1.9a (3.1.9a)
)
(/usr/share/texlive/texmf-dist/tex/generic/pgf/basiclayer/pgfcorepatterns.code.
tex
File: pgfcorepatterns.code.tex 2021/05/15 v3.1.9a (3.1.9a)
)
(/usr/share/texlive/texmf-dist/tex/generic/pgf/basiclayer/pgfcorerdf.code.tex
File: pgfcorerdf.code.tex 2021/05/15 v3.1.9a (3.1.9a)
))) (/usr/share/texlive/texmf-dist/tex/latex/extsizes/size9.clo
File: size9.clo 1999/11/11 v1.4a NON-Standard LaTeX file (size option)
)
(/usr/share/texlive/texmf-dist/tex/latex/pgf/utilities/xxcolor.sty
Package: xxcolor 2003/10/24 ver 0.1
\XC@nummixins=\count290
\XC@countmixins=\count291
)
(/usr/share/texlive/texmf-dist/tex/latex/base/atbegshi-ltx.sty
Package: atbegshi-ltx 2021/01/10 v1.0c Emulation of the original atbegshi
package with kernel methods
)
(/usr/share/texlive/texmf-dist/tex/latex/hyperref/hyperref.sty
Package: hyperref 2021-06-07 v7.00m Hypertext links for LaTeX

(/usr/share/texlive/texmf-dist/tex/generic/ltxcmds/ltxcmds.sty
Package: ltxcmds 2020-05-10 v1.25 LaTeX kernel commands for general use (HO)
)
(/usr/share/texlive/texmf-dist/tex/generic/pdftexcmds/pdftexcmds.sty
Package: pdftexcmds 2020-06-27 v0.33 Utility functions of pdfTeX for LuaTeX (HO
)

(/usr/share/texlive/texmf-dist/tex/generic/infwarerr/infwarerr.sty
Package: infwarerr 2019/12/03 v1.5 Providing info/warning/error messages (HO)
)
Package pdftexcmds Info: \pdf@primitive is available.
Package pdftexcmds Info: \pdf@ifprimitive is available.
Package pdftexcmds Info: \pdfdraftmode found.
\pdftexcmds@toks=\toks28
)
(/usr/share/texlive/texmf-dist/tex/generic/kvsetkeys/kvsetkeys.sty
Package: kvsetkeys 2019/12/15 v1.18 Key value parser (HO)
)
(/usr/share/texlive/texmf-dist/tex/generic/kvdefinekeys/kvdefinekeys.sty
Package: kvdefinekeys 2019-12-19 v1.6 Define keys (HO)
)
(/usr/share/texlive/texmf-dist/tex/generic/pdfescape/pdfescape.sty
Package: pdfescape 2019/12/09 v1.15 Implements pdfTeX's escape features (HO)
)
(/usr/share/texlive/texmf-dist/tex/latex/hycolor/hycolor.sty
Package: hycolor 2020-01-27 v1.10 Color options for hyperref/bookmark (HO)
)
(/usr/share/texlive/texmf-dist/tex/latex/letltxmacro/letltxmacro.sty
Package: letltxmacro 2019/12/03 v1.6 Let assignment for LaTeX macros (HO)
)
(/usr/share/texlive/texmf-dist/tex/latex/auxhook/auxhook.sty
Package: auxhook 2019-12-17 v1.6 Hooks for auxiliary files (HO)
)
(/usr/share/texlive/texmf-dist/tex/latex/kvoptions/kvoptions.sty
Package: kvoptions 2020-10-07 v3.14 Key value format for package options (HO)
)
\@linkdim=\dimen256
\Hy@linkcounter=\count292
\Hy@pagecounter=\count293

(/usr/share/texlive/texmf-dist/tex/latex/hyperref/pd1enc.def
File: pd1enc.def 2021-06-07 v7.00m Hyperref: PDFDocEncoding definition (HO)
)
(/usr/share/texlive/texmf-dist/tex/latex/hyperref/hyperref-langpatches.def
File: hyperref-langpatches.def 2021-06-07 v7.00m Hyperref: patches for babel la
nguages
)
(/usr/share/texlive/texmf-dist/tex/generic/intcalc/intcalc.sty
Package: intcalc 2019/12/15 v1.3 Expandable calculations with integers (HO)
)
(/usr/share/texlive/texmf-dist/tex/generic/etexcmds/etexcmds.sty
Package: etexcmds 2019/12/15 v1.7 Avoid name clashes with e-TeX commands (HO)
)
\Hy@SavedSpaceFactor=\count294

(/usr/share/texlive/texmf-dist/tex/latex/hyperref/puenc.def
File: puenc.def 2021-06-07 v7.00m Hyperref: PDF Unicode definition (HO)
)
Package hyperref Info: Option `bookmarks' set `true' on input line 4073.
Package hyperref Info: Option `bookmarksopen' set `true' on input line 4073.
Package hyperref Info: Option `implicit' set `false' on input line 4073.
Package hyperref Info: Hyper figures OFF on input line 4192.
Package hyperref Info: Link nesting OFF on input line 4197.
Package hyperref Info: Hyper index ON on input line 4200.
Package hyperref Info: Plain pages OFF on input line 4207.
Package hyperref Info: Backreferencing OFF on input line 4212.
Package hyperref Info: Implicit mode OFF; no redefinition of LaTeX internals.
Package hyperref Info: Bookmarks ON on input line 4445.
\c@Hy@tempcnt=\count295

(/usr/share/texlive/texmf-dist/tex/latex/url/url.sty
\Urlmuskip=\muskip16
Package: url 2013/09/16  ver 3.4  Verb mode for urls, etc.
)
LaTeX Info: Redefining \url on input line 4804.
\XeTeXLinkMargin=\dimen257

(/usr/share/texlive/texmf-dist/tex/generic/bitset/bitset.sty
Package: bitset 2019/12/09 v1.3 Handle bit-vector datatype (HO)

(/usr/share/texlive/texmf-dist/tex/generic/bigintcalc/bigintcalc.sty
Package: bigintcalc 2019/12/15 v1.5 Expandable calculations on big integers (HO
)
))
\Fld@menulength=\count296
\Field@Width=\dimen258
\Fld@charsize=\dimen259
Package hyperref Info: Hyper figures OFF on input line 6076.
Package hyperref Info: Link nesting OFF on input line 6081.
Package hyperref Info: Hyper index ON on input line 6084.
Package hyperref Info: backreferencing OFF on input line 6091.
Package hyperref Info: Link coloring OFF on input line 6096.
Package hyperref Info: Link coloring with OCG OFF on input line 6101.
Package hyperref Info: PDF/A mode OFF on input line 6106.
LaTeX Info: Redefining \ref on input line 6146.
LaTeX Info: Redefining \pageref on input line 6150.
\Hy@abspage=\count297


Package hyperref Message: Stopped early.

)
Package hyperref Info: Driver (autodetected): hluatex.
 (/usr/share/texlive/texmf-dist/tex/latex/hyperref/hluatex.def
File: hluatex.def 2021-06-07 v7.00m Hyperref driver for luaTeX

(/usr/share/texlive/texmf-dist/tex/generic/stringenc/stringenc.sty
Package: stringenc 2019/11/29 v1.12 Convert strings between diff. encodings (HO
)
)
(/usr/share/texlive/texmf-dist/tex/latex/base/atveryend-ltx.sty
Package: atveryend-ltx 2020/08/19 v1.0a Emulation of the original atveryend pac
kage
with kernel methods
)
\Fld@listcount=\count298
\c@bookmark@seq@number=\count299

(/usr/share/texlive/texmf-dist/tex/latex/rerunfilecheck/rerunfilecheck.sty
Package: rerunfilecheck 2019/12/05 v1.9 Rerun checks for auxiliary files (HO)

(/usr/share/texlive/texmf-dist/tex/generic/uniquecounter/uniquecounter.sty
Package: uniquecounter 2019/12/15 v1.4 Provide unlimited unique counter (HO)
)
Package uniquecounter Info: New unique counter `rerunfilecheck' on input line 2
86.
))
(/usr/share/texlive/texmf-dist/tex/latex/beamer/beamerbaserequires.sty
(/usr/share/texlive/texmf-dist/tex/latex/beamer/beamerbasecompatibility.sty)
(/usr/share/texlive/texmf-dist/tex/latex/beamer/beamerbasefont.sty
(/usr/share/texlive/texmf-dist/tex/latex/amsfonts/amssymb.sty
Package: amssymb 2013/01/14 v3.01 AMS font symbols

(/usr/share/texlive/texmf-dist/tex/latex/amsfonts/amsfonts.sty
Package: amsfonts 2013/01/14 v3.01 Basic AMSFonts support
\@emptytoks=\toks29
\symAMSa=\mathgroup4
\symAMSb=\mathgroup5
LaTeX Font Info:    Redeclaring math symbol \hbar on input line 98.
LaTeX Font Info:    Overwriting math alphabet `\mathfrak' in version `bold'
(Font)                  U/euf/m/n --> U/euf/b/n on input line 106.
))
(/usr/share/texlive/texmf-dist/tex/latex/sansmathaccent/sansmathaccent.sty
Package: sansmathaccent 2020/01/31

(/usr/share/texlive/texmf-dist/tex/latex/koma-script/scrlfile.sty
Package: scrlfile 2021/11/13 v3.35 KOMA-Script package (file load hooks)

(/usr/share/texlive/texmf-dist/tex/latex/koma-script/scrlfile-hook.sty
Package: scrlfile-hook 2021/11/13 v3.35 KOMA-Script package (using LaTeX hooks)


(/usr/share/texlive/texmf-dist/tex/latex/koma-script/scrlogo.sty
Package: scrlogo 2021/11/13 v3.35 KOMA-Script package (logo)
)))))
(/usr/share/texlive/texmf-dist/tex/latex/beamer/beamerbasetranslator.sty
(/usr/share/texlive/texmf-dist/tex/latex/translator/translator.sty
Package: translator 2021-05-31 v1.12d Easy translation of strings in LaTeX
))
(/usr/share/texlive/texmf-dist/tex/latex/beamer/beamerbasemisc.sty)
(/usr/share/texlive/texmf-dist/tex/latex/beamer/beamerbasetwoscreens.sty)
(/usr/share/texlive/texmf-dist/tex/latex/beamer/beamerbaseoverlay.sty
\beamer@argscount=\count300
\beamer@lastskipcover=\skip50
\beamer@trivlistdepth=\count301
)
(/usr/share/texlive/texmf-dist/tex/latex/beamer/beamerbasetitle.sty)
(/usr/share/texlive/texmf-dist/tex/latex/beamer/beamerbasesection.sty
\c@lecture=\count302
\c@part=\count303
\c@section=\count304
\c@subsection=\count305
\c@subsubsection=\count306
)
(/usr/share/texlive/texmf-dist/tex/latex/beamer/beamerbaseframe.sty
\beamer@framebox=\box65
\beamer@frametitlebox=\box66
\beamer@zoombox=\box67
\beamer@zoomcount=\count307
\beamer@zoomframecount=\count308
\beamer@frametextheight=\dimen260
\c@subsectionslide=\count309
\beamer@frametopskip=\skip51
\beamer@framebottomskip=\skip52
\beamer@frametopskipautobreak=\skip53
\beamer@framebottomskipautobreak=\skip54
\beamer@envbody=\toks30
\framewidth=\dimen261
\c@framenumber=\count310
)
(/usr/share/texlive/texmf-dist/tex/latex/beamer/beamerbaseverbatim.sty
\beamer@verbatimfileout=\write4
)
(/usr/share/texlive/texmf-dist/tex/latex/beamer/beamerbaseframesize.sty
\beamer@splitbox=\box68
\beamer@autobreakcount=\count311
\beamer@autobreaklastheight=\dimen262
\beamer@frametitletoks=\toks31
\beamer@framesubtitletoks=\toks32
)
(/usr/share/texlive/texmf-dist/tex/latex/beamer/beamerbaseframecomponents.sty
\beamer@footins=\box69
)
(/usr/share/texlive/texmf-dist/tex/latex/beamer/beamerbasecolor.sty)
(/usr/share/texlive/texmf-dist/tex/latex/beamer/beamerbasenotes.sty
\beamer@frameboxcopy=\box70
)
(/usr/share/texlive/texmf-dist/tex/latex/beamer/beamerbasetoc.sty)
(/usr/share/texlive/texmf-dist/tex/latex/beamer/beamerbasetemplates.sty
\beamer@sbttoks=\toks33

(/usr/share/texlive/texmf-dist/tex/latex/beamer/beamerbaseauxtemplates.sty
(/usr/share/texlive/texmf-dist/tex/latex/beamer/beamerbaseboxes.sty
\bmb@box=\box71
\bmb@colorbox=\box72
\bmb@boxwidth=\dimen263
\bmb@boxheight=\dimen264
\bmb@prevheight=\dimen265
\bmb@temp=\dimen266
\bmb@dima=\dimen267
\bmb@dimb=\dimen268
\bmb@prevheight=\dimen269
)
\beamer@blockheadheight=\dimen270
))
(/usr/share/texlive/texmf-dist/tex/latex/beamer/beamerbaselocalstructure.sty
(/usr/share/texlive/texmf-dist/tex/latex/tools/enumerate.sty
Package: enumerate 2015/07/23 v3.00 enumerate extensions (DPC)
\@enLab=\toks34
)
\beamer@bibiconwidth=\skip55
\c@figure=\count312
\c@table=\count313
\abovecaptionskip=\skip56
\belowcaptionskip=\skip57
)
(/usr/share/texlive/texmf-dist/tex/latex/beamer/beamerbasenavigation.sty
\beamer@section@min@dim=\dimen271
)
(/usr/share/texlive/texmf-dist/tex/latex/beamer/beamerbasetheorems.sty
(/usr/share/texlive/texmf-dist/tex/latex/amsmath/amsmath.sty
Package: amsmath 2021/10/15 v2.17l AMS math features
\@mathmargin=\skip58

For additional information on amsmath, use the `?' option.
(/usr/share/texlive/texmf-dist/tex/latex/amsmath/amstext.sty
Package: amstext 2021/08/26 v2.01 AMS text

(/usr/share/texlive/texmf-dist/tex/latex/amsmath/amsgen.sty
File: amsgen.sty 1999/11/30 v2.0 generic functions
\@emptytoks=\toks35
\ex@=\dimen272
))
(/usr/share/texlive/texmf-dist/tex/latex/amsmath/amsbsy.sty
Package: amsbsy 1999/11/29 v1.2d Bold Symbols
\pmbraise@=\dimen273
)
(/usr/share/texlive/texmf-dist/tex/latex/amsmath/amsopn.sty
Package: amsopn 2021/08/26 v2.02 operator names
)
\inf@bad=\count314
LaTeX Info: Redefining \frac on input line 236.
\uproot@=\count315
\leftroot@=\count316
LaTeX Info: Redefining \overline on input line 399.
\classnum@=\count317
\DOTSCASE@=\count318
LaTeX Info: Redefining \ldots on input line 496.
LaTeX Info: Redefining \dots on input line 499.
LaTeX Info: Redefining \cdots on input line 620.
\Mathstrutbox@=\box73
\strutbox@=\box74
\big@size=\dimen274
LaTeX Font Info:    Redeclaring font encoding OML on input line 743.
LaTeX Font Info:    Redeclaring font encoding OMS on input line 744.
\macc@depth=\count319
\c@MaxMatrixCols=\count320
\dotsspace@=\muskip17
\c@parentequation=\count321
\dspbrk@lvl=\count322
\tag@help=\toks36
\row@=\count323
\column@=\count324
\maxfields@=\count325
\andhelp@=\toks37
\eqnshift@=\dimen275
\alignsep@=\dimen276
\tagshift@=\dimen277
\tagwidth@=\dimen278
\totwidth@=\dimen279
\lineht@=\dimen280
\@envbody=\toks38
\multlinegap=\skip59
\multlinetaggap=\skip60
\mathdisplay@stack=\toks39
LaTeX Info: Redefining \[ on input line 2938.
LaTeX Info: Redefining \] on input line 2939.
)
(/usr/share/texlive/texmf-dist/tex/latex/amscls/amsthm.sty
Package: amsthm 2020/05/29 v2.20.6
\thm@style=\toks40
\thm@bodyfont=\toks41
\thm@headfont=\toks42
\thm@notefont=\toks43
\thm@headpunct=\toks44
\thm@preskip=\skip61
\thm@postskip=\skip62
\thm@headsep=\skip63
\dth@everypar=\toks45
)
\c@theorem=\count326
)
(/usr/share/texlive/texmf-dist/tex/latex/beamer/beamerbasethemes.sty))
(/usr/share/texlive/texmf-dist/tex/latex/beamer/beamerthemedefault.sty
(/usr/share/texlive/texmf-dist/tex/latex/beamer/beamerfontthemedefault.sty)
(/usr/share/texlive/texmf-dist/tex/latex/beamer/beamercolorthemedefault.sty)
(/usr/share/texlive/texmf-dist/tex/latex/beamer/beamerinnerthemedefault.sty
\beamer@dima=\dimen281
\beamer@dimb=\dimen282
)
(/usr/share/texlive/texmf-dist/tex/latex/beamer/beamerouterthemedefault.sty)))
(/usr/share/texlive/texmf-dist/tex/latex/base/inputenc.sty
Package: inputenc 2021/02/14 v1.3d Input encoding file
\inpenc@prehook=\toks46
\inpenc@posthook=\toks47


Package inputenc Warning: inputenc package ignored with utf8 based engines.

) (/usr/share/texlive/texmf-dist/tex/generic/babel/babel.sty
Package: babel 2022/01/26 3.70 The Babel package

(/usr/share/texlive/texmf-dist/tex/generic/babel/luababel.def
\bbl@readstream=\read3
\l@dumylang=\language2
Package babel Info: Non-standard hyphenation setup on input line 118.
\l@nohyphenation=\language3
\l@friulan=\language4
\l@bengali=\language5
\l@uppersorbian=\language6
\l@esperanto=\language7
\l@piedmontese=\language8
\l@icelandic=\language9
\l@italian=\language10
\l@ngerman=\language11
\l@romansh=\language12
\l@classiclatin=\language13
\l@greek=\language14
\l@mongolian=\language15
\l@welsh=\language16
\l@malayalam=\language17
\l@schoolfinnish=\language18
\l@german-x-2021-02-26=\language19
\l@usenglishmax=\language20
\l@irish=\language21
\l@sanskrit=\language22
\l@telugu=\language23
\l@ibycus=\language24
\l@occitan=\language25
\l@bulgarian=\language26
\l@ethiopic=\language27
\l@estonian=\language28
\l@ancientgreek=\language29
\l@russian=\language30
\l@turkmen=\language31
\l@basque=\language32
\l@oriya=\language33
\l@monogreek=\language34
\l@farsi=\language35
\l@indonesian=\language36
\l@ukrainian=\language37
\l@slovenian=\language38
\l@serbian=\language39
\l@gujarati=\language40
\l@bokmal=\language41
\l@kannada=\language42
\l@georgian=\language43
\l@french=\language44
\l@turkish=\language45
\l@danish=\language46
\l@tamil=\language47
\l@portuguese=\language48
\l@interlingua=\language49
\l@nynorsk=\language50
\l@lithuanian=\language51
\l@afrikaans=\language52
\l@latin=\language53
\l@coptic=\language54
\l@hindi=\language55
\l@churchslavonic=\language56
\l@slovak=\language57
\l@polish=\language58
\l@serbianc=\language59
\l@pali=\language60
\l@assamese=\language61
\l@czech=\language62
\l@hungarian=\language63
\l@thai=\language64
\l@ngerman-x-2021-02-26=\language65
\l@latvian=\language66
\l@german=\language67
\l@panjabi=\language68
\l@pinyin=\language69
\l@catalan=\language70
\l@ukenglish=\language71
\l@romanian=\language72
\l@spanish=\language73
\l@armenian=\language74
\l@kurmanji=\language75
\l@finnish=\language76
\l@swedish=\language77
\l@dutch=\language78
\l@liturgicallatin=\language79
\l@croatian=\language80
\l@swissgerman=\language81
\l@marathi=\language82
\l@arabic=\language83
\l@belarusian=\language84
\l@mongolianlmc=\language85
\l@galician=\language86
\l@macedonian=\language87
\babelcatcodetablenum=\catcodetable12
\bbl@pattcodes=\catcodetable13
)
\babel@savecnt=\count327
\U@D=\dimen283
\l@unhyphenated=\language88

(/usr/share/texlive/texmf-dist/tex/generic/babel/luababel.def
\bbl@attr@locale=\attribute5
)
LaTeX Info: Redefining \textlatin on input line 3967.

(/usr/share/texlive/texmf-dist/tex/generic/babel-english/english.ldf
Language: english 2017/06/06 v3.3r English support from the babel system
Package babel Info: Hyphen rules for 'canadian' set to \l@english
(babel)             (\language0). Reported on input line 102.
Package babel Info: Hyphen rules for 'australian' set to \l@ukenglish
(babel)             (\language71). Reported on input line 105.
Package babel Info: Hyphen rules for 'newzealand' set to \l@ukenglish
(babel)             (\language71). Reported on input line 108.
))
(/usr/share/texlive/texmf-dist/tex/latex/base/fontenc.sty
Package: fontenc 2021/04/29 v2.0v Standard LaTeX package
LaTeX Font Info:    Trying to load font information for T1+lmss on input line 1
12.

(/usr/share/texmf/tex/latex/lm/t1lmss.fd
File: t1lmss.fd 2009/10/30 v1.6 Font defs for Latin Modern
))
(/usr/share/texlive/texmf-dist/tex/latex/pgf/frontendlayer/tikz.sty
(/usr/share/texlive/texmf-dist/tex/latex/pgf/basiclayer/pgf.sty
Package: pgf 2021/05/15 v3.1.9a (3.1.9a)

(/usr/share/texlive/texmf-dist/tex/generic/pgf/modules/pgfmoduleshapes.code.tex
File: pgfmoduleshapes.code.tex 2021/05/15 v3.1.9a (3.1.9a)
\pgfnodeparttextbox=\box75
) (/usr/share/texlive/texmf-dist/tex/generic/pgf/modules/pgfmoduleplot.code.tex
File: pgfmoduleplot.code.tex 2021/05/15 v3.1.9a (3.1.9a)
)
(/usr/share/texlive/texmf-dist/tex/latex/pgf/compatibility/pgfcomp-version-0-65
.sty
Package: pgfcomp-version-0-65 2021/05/15 v3.1.9a (3.1.9a)
\pgf@nodesepstart=\dimen284
\pgf@nodesepend=\dimen285
)
(/usr/share/texlive/texmf-dist/tex/latex/pgf/compatibility/pgfcomp-version-1-18
.sty
Package: pgfcomp-version-1-18 2021/05/15 v3.1.9a (3.1.9a)
)) (/usr/share/texlive/texmf-dist/tex/latex/pgf/utilities/pgffor.sty
(/usr/share/texlive/texmf-dist/tex/latex/pgf/utilities/pgfkeys.sty
(/usr/share/texlive/texmf-dist/tex/generic/pgf/utilities/pgfkeys.code.tex))
(/usr/share/texlive/texmf-dist/tex/latex/pgf/math/pgfmath.sty
(/usr/share/texlive/texmf-dist/tex/generic/pgf/math/pgfmath.code.tex))
(/usr/share/texlive/texmf-dist/tex/generic/pgf/utilities/pgffor.code.tex
Package: pgffor 2021/05/15 v3.1.9a (3.1.9a)

(/usr/share/texlive/texmf-dist/tex/generic/pgf/math/pgfmath.code.tex)
\pgffor@iter=\dimen286
\pgffor@skip=\dimen287
\pgffor@stack=\toks48
\pgffor@toks=\toks49
))
(/usr/share/texlive/texmf-dist/tex/generic/pgf/frontendlayer/tikz/tikz.code.tex
Package: tikz 2021/05/15 v3.1.9a (3.1.9a)

(/usr/share/texlive/texmf-dist/tex/generic/pgf/libraries/pgflibraryplothandlers
.code.tex
File: pgflibraryplothandlers.code.tex 2021/05/15 v3.1.9a (3.1.9a)
\pgf@plot@mark@count=\count328
\pgfplotmarksize=\dimen288
)
\tikz@lastx=\dimen289
\tikz@lasty=\dimen290
\tikz@lastxsaved=\dimen291
\tikz@lastysaved=\dimen292
\tikz@lastmovetox=\dimen293
\tikz@lastmovetoy=\dimen294
\tikzleveldistance=\dimen295
\tikzsiblingdistance=\dimen296
\tikz@figbox=\box76
\tikz@figbox@bg=\box77
\tikz@tempbox=\box78
\tikz@tempbox@bg=\box79
\tikztreelevel=\count329
\tikznumberofchildren=\count330
\tikznumberofcurrentchild=\count331
\tikz@fig@count=\count332

(/usr/share/texlive/texmf-dist/tex/generic/pgf/modules/pgfmodulematrix.code.tex
File: pgfmodulematrix.code.tex 2021/05/15 v3.1.9a (3.1.9a)
\pgfmatrixcurrentrow=\count333
\pgfmatrixcurrentcolumn=\count334
\pgf@matrix@numberofcolumns=\count335
)
\tikz@expandcount=\count336

(/usr/share/texlive/texmf-dist/tex/generic/pgf/frontendlayer/tikz/libraries/tik
zlibrarytopaths.code.tex
File: tikzlibrarytopaths.code.tex 2021/05/15 v3.1.9a (3.1.9a)
)))
(/usr/share/texlive/texmf-dist/tex/latex/psnfss/times.sty
Package: times 2020/03/25 PSNFSS-v9.3 (SPQR) 
)
(/usr/share/texlive/texmf-dist/tex/latex/beamer/beamerfontthemeserif.sty)
(/usr/share/texlive/texmf-dist/tex/latex/was/gensymb.sty
Package: gensymb 2003/07/02 v1.0 (WaS)
)
(/usr/share/texlive/texmf-dist/tex/latex/textpos/textpos.sty
Package: textpos 2020/09/26 v1.10

Package: textpos 2020/09/26 1.10, absolute positioning of text on the page
Package textpos Info: choosing support for LaTeX3 on input line 61.
\TP@textbox=\box80
\TP@holdbox=\box81
\TPHorizModule=\dimen297
\TPVertModule=\dimen298
\TP@margin=\dimen299
\TP@absmargin=\dimen300
Grid set 16 x 16 = 22.7622pt x 17.07166pt
\TPboxrulesize=\dimen301
\TP@ox=\dimen302
\TP@oy=\dimen303
\TP@tbargs=\toks50
TextBlockOrigin set to 0pt x 0pt
) (/usr/share/texlive/texmf-dist/tex/latex/animate/animate.sty
Package: animate 2022/01/31 PDF & SVG animations from files and inline graphics


(/usr/share/texlive/texmf-dist/tex/latex/xkeyval/xkeyval.sty
Package: xkeyval 2020/11/20 v2.8 package option processing (HA)

(/usr/share/texlive/texmf-dist/tex/generic/xkeyval/xkeyval.tex
(/usr/share/texlive/texmf-dist/tex/generic/xkeyval/xkvutils.tex
\XKV@toks=\toks51
\XKV@tempa@toks=\toks52
)
\XKV@depth=\count337
File: xkeyval.tex 2014/12/03 v2.7a key=value parser (HA)
))
(/usr/share/texlive/texmf-dist/tex/latex/base/ifthen.sty
Package: ifthen 2020/11/24 v1.1c Standard LaTeX ifthen package (DPC)
)
(/usr/share/texlive/texmf-dist/tex/latex/oberdiek/ifdraft.sty
Package: ifdraft 2016/05/16 v1.4 Detect class options draft and final (HO)
)
(/usr/share/texlive/texmf-dist/tex/latex/tools/calc.sty
Package: calc 2017/05/25 v4.3 Infix arithmetic (KKT,FJ)
\calc@Acount=\count338
\calc@Bcount=\count339
\calc@Adimen=\dimen304
\calc@Bdimen=\dimen305
\calc@Askip=\skip64
\calc@Bskip=\skip65
LaTeX Info: Redefining \setlength on input line 80.
LaTeX Info: Redefining \addtolength on input line 81.
\calc@Ccount=\count340
\calc@Cskip=\skip66
)
(/usr/share/texlive/texmf-dist/tex/latex/zref/zref-abspage.sty
Package: zref-abspage 2020-07-03 v2.32 Module abspage for zref (HO)

(/usr/share/texlive/texmf-dist/tex/latex/zref/zref-base.sty
Package: zref-base 2020-07-03 v2.32 Module base for zref (HO)
Package zref Info: New property list: main on input line 764.
Package zref Info: New property: default on input line 765.
Package zref Info: New property: page on input line 766.
)
\c@abspage=\count341
Package zref Info: New property: abspage on input line 66.
)
(/usr/share/texlive/texmf-dist/tex/latex/media9/pdfbase.sty
(/usr/share/texlive/texmf-dist/tex/latex/l3packages/l3keys2e/l3keys2e.sty
(/usr/share/texlive/texmf-dist/tex/latex/l3kernel/expl3.sty
Package: expl3 2022-01-21 L3 programming layer (loader) 

(/usr/share/texlive/texmf-dist/tex/latex/l3backend/l3backend-luatex.def
File: l3backend-luatex.def 2022-01-12 L3 backend support: PDF output (LuaTeX)
\l__color_backend_stack_int=\count342
\l__pdf_internal_box=\box82
))
Package: l3keys2e 2022-01-12 LaTeX2e option processing using LaTeX3 keys
)
Package: pdfbase 2021/09/12 v0.53 driver independent access to low-level PDF fe
atures
\g_pbs_page_int=\count343
\g_pbs_oc_int=\count344
)
(/usr/share/texlive/texmf-dist/tex/latex/ocgx2/ocgbase.sty
Package: ocgbase 2021/06/11 v0.20 support package for ocgx2.sty
\g_ocgbase_nd_int=\count345
)
\@anim@box=\box83
\@anim@measbox=\box84
\@anim@tmpdima=\dimen306
\@anim@tmpdimb=\dimen307
\@anim@num=\count346
\@anim@curframe=\count347
\@anim@curframe@zb=\count348
\@anim@resizeflags=\count349
\@anim@skipfram=\count350
\@anim@mulframecnt=\count351
\@anim@@tmlnfile=\read4
\@anim@tmpcnt=\count352
\c@@anim@ltxcnt=\count353
\@anim@curlayer=\count354
\@anim@lineno=\count355
\@anim@curfield=\count356
\@anim@@resizeflags=\count357
)
(/usr/share/texlive/texmf-dist/tex/latex/booktabs/booktabs.sty
Package: booktabs 2020/01/12 v1.61803398 Publication quality tables
\heavyrulewidth=\dimen308
\lightrulewidth=\dimen309
\cmidrulewidth=\dimen310
\belowrulesep=\dimen311
\belowbottomsep=\dimen312
\aboverulesep=\dimen313
\abovetopsep=\dimen314
\cmidrulesep=\dimen315
\cmidrulekern=\dimen316
\defaultaddspace=\dimen317
\@cmidla=\count358
\@cmidlb=\count359
\@aboverulesep=\dimen318
\@belowrulesep=\dimen319
\@thisruleclass=\count360
\@lastruleclass=\count361
\@thisrulewidth=\dimen320
)
(/usr/share/texlive/texmf-dist/tex/latex/tools/verbatim.sty
Package: verbatim 2020-07-07 v1.5u LaTeX2e package for verbatim enhancements
\every@verbatim=\toks53
\verbatim@line=\toks54
\verbatim@in@stream=\read5
)
(/usr/share/texlive/texmf-dist/tex/latex/biblatex/biblatex.sty
Package: biblatex 2022/02/02 v3.17 programmable bibliographies (PK/MW)

(/usr/share/texlive/texmf-dist/tex/latex/logreq/logreq.sty
Package: logreq 2010/08/04 v1.0 xml request logger
\lrq@indent=\count362

(/usr/share/texlive/texmf-dist/tex/latex/logreq/logreq.def
File: logreq.def 2010/08/04 v1.0 logreq spec v1.0
))
\c@tabx@nest=\count363
\c@listtotal=\count364
\c@listcount=\count365
\c@liststart=\count366
\c@liststop=\count367
\c@citecount=\count368
\c@citetotal=\count369
\c@multicitecount=\count370
\c@multicitetotal=\count371
\c@instcount=\count372
\c@maxnames=\count373
\c@minnames=\count374
\c@maxitems=\count375
\c@minitems=\count376
\c@citecounter=\count377
\c@maxcitecounter=\count378
\c@savedcitecounter=\count379
\c@uniquelist=\count380
\c@uniquename=\count381
\c@refsection=\count382
\c@refsegment=\count383
\c@maxextratitle=\count384
\c@maxextratitleyear=\count385
\c@maxextraname=\count386
\c@maxextradate=\count387
\c@maxextraalpha=\count388
\c@abbrvpenalty=\count389
\c@highnamepenalty=\count390
\c@lownamepenalty=\count391
\c@maxparens=\count392
\c@parenlevel=\count393
\blx@tempcnta=\count394
\blx@tempcntb=\count395
\blx@tempcntc=\count396
\c@blx@maxsection=\count397
\c@blx@maxsegment@0=\count398
\blx@notetype=\count399
\blx@parenlevel@text=\count400
\blx@parenlevel@foot=\count401
\c@blx@sectionciteorder@0=\count402
\blx@entrysetcounter=\count403
\blx@biblioinstance=\count404
\labelnumberwidth=\skip67
\labelalphawidth=\skip68
\biblabelsep=\skip69
\bibitemsep=\skip70
\bibnamesep=\skip71
\bibinitsep=\skip72
\bibparsep=\skip73
\bibhang=\skip74
\blx@bcfin=\read6
\blx@bcfout=\write5
\blx@langwohyphens=\language89
\c@mincomprange=\count405
\c@maxcomprange=\count406
\c@mincompwidth=\count407
Package biblatex Info: Trying to load biblatex default data model...
Package biblatex Info: ... file 'blx-dm.def' found.

(/usr/share/texlive/texmf-dist/tex/latex/biblatex/blx-dm.def
File: blx-dm.def 2022/02/02 v3.17 biblatex localization (PK/MW)
)
Package biblatex Info: Trying to load biblatex custom data model...
Package biblatex Info: ... file 'biblatex-dm.cfg' not found.
\c@afterword=\count408
\c@savedafterword=\count409
\c@annotator=\count410
\c@savedannotator=\count411
\c@author=\count412
\c@savedauthor=\count413
\c@bookauthor=\count414
\c@savedbookauthor=\count415
\c@commentator=\count416
\c@savedcommentator=\count417
\c@editor=\count418
\c@savededitor=\count419
\c@editora=\count420
\c@savededitora=\count421
\c@editorb=\count422
\c@savededitorb=\count423
\c@editorc=\count424
\c@savededitorc=\count425
\c@foreword=\count426
\c@savedforeword=\count427
\c@holder=\count428
\c@savedholder=\count429
\c@introduction=\count430
\c@savedintroduction=\count431
\c@namea=\count432
\c@savednamea=\count433
\c@nameb=\count434
\c@savednameb=\count435
\c@namec=\count436
\c@savednamec=\count437
\c@translator=\count438
\c@savedtranslator=\count439
\c@shortauthor=\count440
\c@savedshortauthor=\count441
\c@shorteditor=\count442
\c@savedshorteditor=\count443
\c@labelname=\count444
\c@savedlabelname=\count445
\c@institution=\count446
\c@savedinstitution=\count447
\c@lista=\count448
\c@savedlista=\count449
\c@listb=\count450
\c@savedlistb=\count451
\c@listc=\count452
\c@savedlistc=\count453
\c@listd=\count454
\c@savedlistd=\count455
\c@liste=\count456
\c@savedliste=\count457
\c@listf=\count458
\c@savedlistf=\count459
\c@location=\count460
\c@savedlocation=\count461
\c@organization=\count462
\c@savedorganization=\count463
\c@origlocation=\count464
\c@savedoriglocation=\count465
\c@origpublisher=\count466
\c@savedorigpublisher=\count467
\c@publisher=\count468
\c@savedpublisher=\count469
\c@language=\count470
\c@savedlanguage=\count471
\c@origlanguage=\count472
\c@savedoriglanguage=\count473
\c@pageref=\count474
\c@savedpageref=\count475
\shorthandwidth=\skip75
\shortjournalwidth=\skip76
\shortserieswidth=\skip77
\shorttitlewidth=\skip78
\shortauthorwidth=\skip79
\shorteditorwidth=\skip80
\locallabelnumberwidth=\skip81
\locallabelalphawidth=\skip82
\localshorthandwidth=\skip83
\localshortjournalwidth=\skip84
\localshortserieswidth=\skip85
\localshorttitlewidth=\skip86
\localshortauthorwidth=\skip87
\localshorteditorwidth=\skip88
Package biblatex Info: Trying to load enhanced support for Unicode engines...
Package biblatex Info: ... file 'blx-unicode.def' found.

(/usr/share/texlive/texmf-dist/tex/latex/biblatex/blx-unicode.def)
Package biblatex Info: Trying to load compatibility code...
Package biblatex Info: ... file 'blx-compat.def' found.

(/usr/share/texlive/texmf-dist/tex/latex/biblatex/blx-compat.def
File: blx-compat.def 2022/02/02 v3.17 biblatex compatibility (PK/MW)
)
Package biblatex Info: Trying to load generic definitions...
Package biblatex Info: ... file 'biblatex.def' found.

(/usr/share/texlive/texmf-dist/tex/latex/biblatex/biblatex.def
File: biblatex.def 2022/02/02 v3.17 biblatex compatibility (PK/MW)
\c@textcitecount=\count476
\c@textcitetotal=\count477
\c@textcitemaxnames=\count478
\c@biburlbigbreakpenalty=\count479
\c@biburlbreakpenalty=\count480
\c@biburlnumpenalty=\count481
\c@biburlucpenalty=\count482
\c@biburllcpenalty=\count483
\biburlbigskip=\muskip18
\biburlnumskip=\muskip19
\biburlucskip=\muskip20
\biburllcskip=\muskip21
\c@smartand=\count484
)
Package biblatex Info: Trying to load bibliography style 'numeric'...
Package biblatex Info: ... file 'numeric.bbx' found.

(/usr/share/texlive/texmf-dist/tex/latex/biblatex/bbx/numeric.bbx
File: numeric.bbx 2022/02/02 v3.17 biblatex bibliography style (PK/MW)
Package biblatex Info: Trying to load bibliography style 'standard'...
Package biblatex Info: ... file 'standard.bbx' found.

(/usr/share/texlive/texmf-dist/tex/latex/biblatex/bbx/standard.bbx
File: standard.bbx 2022/02/02 v3.17 biblatex bibliography style (PK/MW)
\c@bbx:relatedcount=\count485
\c@bbx:relatedtotal=\count486
))
Package biblatex Info: Trying to load citation style 'numeric'...
Package biblatex Info: ... file 'numeric.cbx' found.

(/usr/share/texlive/texmf-dist/tex/latex/biblatex/cbx/numeric.cbx
File: numeric.cbx 2022/02/02 v3.17 biblatex citation style (PK/MW)
Package biblatex Info: Redefining '\cite'.
Package biblatex Info: Redefining '\parencite'.
Package biblatex Info: Redefining '\footcite'.
Package biblatex Info: Redefining '\footcitetext'.
Package biblatex Info: Redefining '\smartcite'.
Package biblatex Info: Redefining '\supercite'.
Package biblatex Info: Redefining '\textcite'.
Package biblatex Info: Redefining '\textcites'.
Package biblatex Info: Redefining '\cites'.
Package biblatex Info: Redefining '\parencites'.
Package biblatex Info: Redefining '\smartcites'.
)
Package biblatex Info: Trying to load configuration file...
Package biblatex Info: ... file 'biblatex.cfg' found.

(/usr/share/texlive/texmf-dist/tex/latex/biblatex/biblatex.cfg
File: biblatex.cfg 
)
Package biblatex Info: LuaTeX detected.
(biblatex)             Assuming input encoding 'utf8'.
Package biblatex Info: Document encoding is UTF8 ....
Package biblatex Info: ... and expl3
(biblatex)             2022-01-21 L3 programming layer (loader) 
(biblatex)             is new enough (at least 2020/04/06),
(biblatex)             setting 'casechanger=expl3'.

(/usr/share/texlive/texmf-dist/tex/latex/biblatex/blx-case-expl3.sty
(/usr/share/texlive/texmf-dist/tex/latex/l3packages/xparse/xparse.sty
Package: xparse 2022-01-12 L3 Experimental document command parser
)
Package: blx-case-expl3 2022/02/02 v3.17 expl3 case changing code for biblatex
))
(./beamerthemeARMINES.sty
(/usr/share/texlive/texmf-dist/tex/latex/environ/environ.sty
Package: environ 2014/05/04 v0.3 A new way to define environments

(/usr/share/texlive/texmf-dist/tex/latex/trimspaces/trimspaces.sty
Package: trimspaces 2009/09/17 v1.1 Trim spaces around a token list
))
(/usr/share/texlive/texmf-dist/tex/latex/tcolorbox/tcolorbox.sty
Package: tcolorbox 2022/01/07 version 5.0.2 text color boxes
\tcb@titlebox=\box85
\tcb@upperbox=\box86
\tcb@lowerbox=\box87
\tcb@phantombox=\box88
\c@tcbbreakpart=\count487
\c@tcblayer=\count488
\c@tcolorbox@number=\count489
\tcb@temp=\box89
\tcb@temp=\box90
\tcb@temp=\box91
\tcb@temp=\box92
)
(/usr/share/texlive/texmf-dist/tex/latex/listings/listings.sty
\lst@mode=\count490
\lst@gtempboxa=\box93
\lst@token=\toks55
\lst@length=\count491
\lst@currlwidth=\dimen321
\lst@column=\count492
\lst@pos=\count493
\lst@lostspace=\dimen322
\lst@width=\dimen323
\lst@newlines=\count494
\lst@lineno=\count495
\lst@maxwidth=\dimen324

(/usr/share/texlive/texmf-dist/tex/latex/listings/lstmisc.sty
File: lstmisc.sty 2020/03/24 1.8d (Carsten Heinz)
\c@lstnumber=\count496
\lst@skipnumbers=\count497
\lst@framebox=\box94
)
(/usr/share/texlive/texmf-dist/tex/latex/listings/listings.cfg
File: listings.cfg 2020/03/24 1.8d listings configuration
))
Package: listings 2020/03/24 1.8d (Carsten Heinz)
\c@index=\count498

(/usr/share/texlive/texmf-dist/tex/latex/beamer/beamerinnerthemerectangles.sty))


Package hyperref Warning: Token not allowed in a PDF string (Unicode):
(hyperref)                removing `\mathsurround' on input line 28.


Package hyperref Warning: Token not allowed in a PDF string (Unicode):
(hyperref)                removing `\z@' on input line 28.


Package hyperref Warning: Token not allowed in a PDF string (Unicode):
(hyperref)                removing `superscript' on input line 28.


Package hyperref Warning: Token not allowed in a PDF string (Unicode):
(hyperref)                removing `\\' on input line 28.


Package biblatex Warning: 'babel/polyglossia' detected but 'csquotes' missing.
(biblatex)                Loading 'csquotes' recommended.

\@quotelevel=\count499
\@quotereset=\count500
LaTeX Font Info:    Trying to load font information for T1+phv on input line 44
.
(/usr/share/texlive/texmf-dist/tex/latex/psnfss/t1phv.fd
File: t1phv.fd 2020/03/25 scalable font definitions for T1/phv.
) (./save.aux)
\openout1 = save.aux

LaTeX Font Info:    Checking defaults for OML/cmm/m/it on input line 44.
LaTeX Font Info:    ... okay on input line 44.
LaTeX Font Info:    Checking defaults for OMS/cmsy/m/n on input line 44.
LaTeX Font Info:    ... okay on input line 44.
LaTeX Font Info:    Checking defaults for OT1/cmr/m/n on input line 44.
LaTeX Font Info:    ... okay on input line 44.
LaTeX Font Info:    Checking defaults for T1/cmr/m/n on input line 44.
LaTeX Font Info:    ... okay on input line 44.
LaTeX Font Info:    Checking defaults for TS1/cmr/m/n on input line 44.
LaTeX Font Info:    Trying to load font information for TS1+cmr on input line 4
4.

(/usr/share/texlive/texmf-dist/tex/latex/base/ts1cmr.fd
File: ts1cmr.fd 2019/12/16 v2.5j Standard LaTeX font definitions
)
LaTeX Font Info:    ... okay on input line 44.
LaTeX Font Info:    Checking defaults for TU/lmr/m/n on input line 44.
LaTeX Font Info:    ... okay on input line 44.
LaTeX Font Info:    Checking defaults for OMX/cmex/m/n on input line 44.
LaTeX Font Info:    ... okay on input line 44.
LaTeX Font Info:    Checking defaults for U/cmr/m/n on input line 44.
LaTeX Font Info:    ... okay on input line 44.
LaTeX Font Info:    Checking defaults for PD1/pdf/m/n on input line 44.
LaTeX Font Info:    ... okay on input line 44.
LaTeX Font Info:    Checking defaults for PU/pdf/m/n on input line 44.
LaTeX Font Info:    ... okay on input line 44.

*geometry* driver: auto-detecting
*geometry* detected driver: luatex
*geometry* verbose mode - [ preamble ] result:
* driver: luatex
* paper: custom
* layout: <same size as paper>
* layoutoffset:(h,v)=(0.0pt,0.0pt)
* modes: includehead includefoot 
* h-part:(L,W,R)=(14.22636pt, 335.74263pt, 14.22636pt)
* v-part:(T,H,B)=(0.0pt, 273.14662pt, 0.0pt)
* \paperwidth=364.19536pt
* \paperheight=273.14662pt
* \textwidth=335.74263pt
* \textheight=244.6939pt
* \oddsidemargin=-58.04362pt
* \evensidemargin=-58.04362pt
* \topmargin=-72.26999pt
* \headheight=14.22636pt
* \headsep=0.0pt
* \topskip=9.0pt
* \footskip=14.22636pt
* \marginparwidth=4.0pt
* \marginparsep=10.0pt
* \columnsep=10.0pt
* \skip\footins=8.0pt plus 4.0pt minus 2.0pt
* \hoffset=0.0pt
* \voffset=0.0pt
* \mag=1000
* \@twocolumnfalse
* \@twosidefalse
* \@mparswitchfalse
* \@reversemarginfalse
* (1in=72.27pt=25.4mm, 1cm=28.453pt)

(/usr/share/texlive/texmf-dist/tex/context/base/mkii/supp-pdf.mkii
[Loading MPS to PDF converter (version 2006.09.02).]
\scratchcounter=\count501
\scratchdimen=\dimen325
\scratchbox=\box95
\nofMPsegments=\count502
\nofMParguments=\count503
\everyMPshowfont=\toks56
\MPscratchCnt=\count504
\MPscratchDim=\dimen326
\MPnumerator=\count505
\makeMPintoPDFobject=\count506
\everyMPtoPDFconversion=\toks57
) (/usr/share/texlive/texmf-dist/tex/latex/epstopdf-pkg/epstopdf-base.sty
Package: epstopdf-base 2020-01-24 v2.11 Base part for package epstopdf
Package epstopdf-base Info: Redefining graphics rule for `.eps' on input line 4
85.

(/usr/share/texlive/texmf-dist/tex/latex/latexconfig/epstopdf-sys.cfg
File: epstopdf-sys.cfg 2010/07/13 v1.3 Configuration of (r)epstopdf for TeX Liv
e
))
Package hyperref Info: Link coloring OFF on input line 44.

(/usr/share/texlive/texmf-dist/tex/latex/hyperref/nameref.sty
Package: nameref 2021-04-02 v2.47 Cross-referencing by name of section

(/usr/share/texlive/texmf-dist/tex/latex/refcount/refcount.sty
Package: refcount 2019/12/15 v3.6 Data extraction from label references (HO)
)
(/usr/share/texlive/texmf-dist/tex/generic/gettitlestring/gettitlestring.sty
Package: gettitlestring 2019/12/15 v1.6 Cleanup title references (HO)
)
\c@section@level=\count507
)
LaTeX Info: Redefining \ref on input line 44.
LaTeX Info: Redefining \pageref on input line 44.
LaTeX Info: Redefining \nameref on input line 44.

(./save.out) (./save.out)
\@outlinefile=\write6

\openout6 = save.out
\symnumbers=\mathgroup6
\sympureletters=\mathgroup7
LaTeX Font Info:    Overwriting math alphabet `\mathrm' in version `normal'
(Font)                  OT1/cmr/m/n --> T1/ptm/m/n on input line 44.
LaTeX Font Info:    Redeclaring math alphabet \mathbf on input line 44.
LaTeX Font Info:    Overwriting math alphabet `\mathbf' in version `normal'
(Font)                  OT1/cmr/bx/n --> T1/ptm/b/n on input line 44.
LaTeX Font Info:    Overwriting math alphabet `\mathbf' in version `bold'
(Font)                  OT1/cmr/bx/n --> T1/ptm/b/n on input line 44.
LaTeX Font Info:    Redeclaring math alphabet \mathsf on input line 44.
LaTeX Font Info:    Overwriting math alphabet `\mathsf' in version `normal'
(Font)                  OT1/cmss/m/n --> T1/phv/m/n on input line 44.
LaTeX Font Info:    Overwriting math alphabet `\mathsf' in version `bold'
(Font)                  OT1/cmss/bx/n --> T1/phv/m/n on input line 44.
LaTeX Font Info:    Redeclaring math alphabet \mathit on input line 44.
LaTeX Font Info:    Overwriting math alphabet `\mathit' in version `normal'
(Font)                  OT1/cmr/m/it --> T1/ptm/m/it on input line 44.
LaTeX Font Info:    Overwriting math alphabet `\mathit' in version `bold'
(Font)                  OT1/cmr/bx/it --> T1/ptm/m/it on input line 44.
LaTeX Font Info:    Redeclaring math alphabet \mathtt on input line 44.
LaTeX Font Info:    Overwriting math alphabet `\mathtt' in version `normal'
(Font)                  OT1/cmtt/m/n --> T1/pcr/m/n on input line 44.
LaTeX Font Info:    Overwriting math alphabet `\mathtt' in version `bold'
(Font)                  OT1/cmtt/m/n --> T1/pcr/m/n on input line 44.
LaTeX Font Info:    Overwriting symbol font `numbers' in version `bold'
(Font)                  T1/ptm/m/n --> T1/ptm/b/n on input line 44.
LaTeX Font Info:    Overwriting symbol font `pureletters' in version `bold'
(Font)                  T1/ptm/m/it --> T1/ptm/b/it on input line 44.
LaTeX Font Info:    Overwriting math alphabet `\mathrm' in version `bold'
(Font)                  OT1/cmr/bx/n --> T1/ptm/b/n on input line 44.
LaTeX Font Info:    Overwriting math alphabet `\mathbf' in version `bold'
(Font)                  T1/ptm/b/n --> T1/ptm/b/n on input line 44.
LaTeX Font Info:    Overwriting math alphabet `\mathsf' in version `bold'
(Font)                  T1/phv/m/n --> T1/phv/b/n on input line 44.
LaTeX Font Info:    Overwriting math alphabet `\mathit' in version `bold'
(Font)                  T1/ptm/m/it --> T1/ptm/b/it on input line 44.
LaTeX Font Info:    Overwriting math alphabet `\mathtt' in version `bold'
(Font)                  T1/pcr/m/n --> T1/pcr/b/n on input line 44.

(/usr/share/texlive/texmf-dist/tex/latex/translator/translator-basic-dictionary
-English.dict
Dictionary: translator-basic-dictionary, Language: English 
)
(/usr/share/texlive/texmf-dist/tex/latex/translator/translator-bibliography-dic
tionary-English.dict
Dictionary: translator-bibliography-dictionary, Language: English 
)
(/usr/share/texlive/texmf-dist/tex/latex/translator/translator-environment-dict
ionary-English.dict
Dictionary: translator-environment-dictionary, Language: English 
)
(/usr/share/texlive/texmf-dist/tex/latex/translator/translator-months-dictionar
y-English.dict
Dictionary: translator-months-dictionary, Language: English 
)
(/usr/share/texlive/texmf-dist/tex/latex/translator/translator-numbers-dictiona
ry-English.dict
Dictionary: translator-numbers-dictionary, Language: English 
)
(/usr/share/texlive/texmf-dist/tex/latex/translator/translator-theorem-dictiona
ry-English.dict
Dictionary: translator-theorem-dictionary, Language: English 
)
LaTeX Info: Redefining \celsius on input line 44.
Package gensymb Info: Faking symbols for \degree and \celsius on input line 44.



Package gensymb Warning: Not defining \perthousand.

LaTeX Info: Redefining \ohm on input line 44.
Package gensymb Info: Using \Omega for \ohm on input line 44.

Package gensymb Warning: Not defining \micro.

Package biblatex Info: Trying to load language 'english'...
Package biblatex Info: ... file 'english.lbx' found.
(/usr/share/texlive/texmf-dist/tex/latex/biblatex/lbx/english.lbx
File: english.lbx 2022/02/02 v3.17 biblatex localization (PK/MW)
)
Package biblatex Info: LuaTeX detected.
(biblatex)             Assuming input encoding 'utf8'.
Package biblatex Info: Automatic encoding selection.
(biblatex)             Assuming data encoding 'utf8'.

\openout5 = save.bcf
Package biblatex Info: Trying to load bibliographic data...
Package biblatex Info: ... file 'save.bbl' found.
 (./save.bbl)
Package biblatex Info: Reference section=0 on input line 44.
Package biblatex Info: Reference segment=0 on input line 44.
\c@lstlisting=\count508
(./save.nav)
<./TEMPLATE_IMAGES/logos_cover.pdf, id=53, 320.88559pt x 22.7622pt>
File: ./TEMPLATE_IMAGES/logos_cover.pdf Graphic file (type pdf)
<use ./TEMPLATE_IMAGES/logos_cover.pdf>
Package luatex.def Info: ./TEMPLATE_IMAGES/logos_cover.pdf  used on input line 
48.
(luatex.def)             Requested size: 335.74263pt x 23.8166pt.
LaTeX Font Info:    Trying to load font information for U+msa on input line 48.

 (/usr/share/texlive/texmf-dist/tex/latex/amsfonts/umsa.fd
File: umsa.fd 2013/01/14 v3.01 AMS symbols A
)
LaTeX Font Info:    Trying to load font information for U+msb on input line 48.


(/usr/share/texlive/texmf-dist/tex/latex/amsfonts/umsb.fd
File: umsb.fd 2013/01/14 v3.01 AMS symbols B
)
LaTeX Font Info:    Trying to load font information for T1+ptm on input line 48
.

(/usr/share/texlive/texmf-dist/tex/latex/psnfss/t1ptm.fd
File: t1ptm.fd 2001/06/04 font definitions for T1/ptm.
)
LaTeX Font Info:    Trying to load font information for T1+pcr on input line 48
.

(/usr/share/texlive/texmf-dist/tex/latex/psnfss/t1pcr.fd
File: t1pcr.fd 2001/06/04 font definitions for T1/pcr.
) [1

{/var/lib/texmf/fonts/map/pdftex/updmap/pdftex.map}<./TEMPLATE_IMAGES/logos_cove
r.pdf>]
<Images/Context.pdf, id=111, 3053.85252pt x 909.3529pt>
File: Images/Context.pdf Graphic file (type pdf)
<use Images/Context.pdf>
Package luatex.def Info: Images/Context.pdf  used on input line 71.
(luatex.def)             Requested size: 308.8826pt x 91.9674pt.
<./TEMPLATE_IMAGES/MINES.png, id=112, 1083.04625pt x 340.27126pt>
File: ./TEMPLATE_IMAGES/MINES.png Graphic file (type png)
<use ./TEMPLATE_IMAGES/MINES.png>
Package luatex.def Info: ./TEMPLATE_IMAGES/MINES.png  used on input line 71.
(luatex.def)             Requested size: 63.37695pt x 19.91684pt.
 [2


Missing character: There is no  (U+20AC) in font phvr8t!
<./TEMPLATE_IMAGES/MINES.png><./Images/Context.pdf>]
<Images/MESSIAH.pdf, id=173, 332.13484pt x 137.81645pt>
File: Images/MESSIAH.pdf Graphic file (type pdf)
<use Images/MESSIAH.pdf>
Package luatex.def Info: Images/MESSIAH.pdf  used on input line 92.
(luatex.def)             Requested size: 318.95447pt x 132.35063pt.
File: ./TEMPLATE_IMAGES/MINES.png Graphic file (type png)
<use ./TEMPLATE_IMAGES/MINES.png>
Package luatex.def Info: ./TEMPLATE_IMAGES/MINES.png  used on input line 92.
(luatex.def)             Requested size: 63.37695pt x 19.91684pt.
 [3

<./Images/MESSIAH.pdf>]
<Images/plateau_plane_strain.pdf, id=306, 353.86765pt x 385.0221pt>
File: Images/plateau_plane_strain.pdf Graphic file (type pdf)
<use Images/plateau_plane_strain.pdf>
Package luatex.def Info: Images/plateau_plane_strain.pdf  used on input line 11
0.
(luatex.def)             Requested size: 167.8713pt x 182.65239pt.
File: ./TEMPLATE_IMAGES/MINES.png Graphic file (type png)
<use ./TEMPLATE_IMAGES/MINES.png>
Package luatex.def Info: ./TEMPLATE_IMAGES/MINES.png  used on input line 110.
(luatex.def)             Requested size: 63.37695pt x 19.91684pt.

Overfull \vbox (9.91556pt too high) detected at line 110
 []

[4

<./Images/plateau_plane_strain.pdf>]
File: ./TEMPLATE_IMAGES/MINES.png Graphic file (type png)
<use ./TEMPLATE_IMAGES/MINES.png>
Package luatex.def Info: ./TEMPLATE_IMAGES/MINES.png  used on input line 124.
(luatex.def)             Requested size: 63.37695pt x 19.91684pt.
 [5

] (./save.toc)
File: ./TEMPLATE_IMAGES/MINES.png Graphic file (type png)
<use ./TEMPLATE_IMAGES/MINES.png>
Package luatex.def Info: ./TEMPLATE_IMAGES/MINES.png  used on input line 130.
(luatex.def)             Requested size: 63.37695pt x 19.91684pt.
 [6

] (./save.toc)
File: ./TEMPLATE_IMAGES/MINES.png Graphic file (type png)
<use ./TEMPLATE_IMAGES/MINES.png>
Package luatex.def Info: ./TEMPLATE_IMAGES/MINES.png  used on input line 143.
(luatex.def)             Requested size: 63.37695pt x 19.91684pt.

[7

]
<Images/H2_uptake.pdf, id=381, 401.53828pt x 267.43575pt>
File: Images/H2_uptake.pdf Graphic file (type pdf)
<use Images/H2_uptake.pdf>
Package luatex.def Info: Images/H2_uptake.pdf  used on input line 165.
(luatex.def)             Requested size: 184.65947pt x 122.98929pt.
<Images/sieverts.pdf, id=382, 351.21867pt x 147.30824pt>
File: Images/sieverts.pdf Graphic file (type pdf)
<use Images/sieverts.pdf>
Package luatex.def Info: Images/sieverts.pdf  used on input line 165.
(luatex.def)             Requested size: 141.01128pt x 59.14478pt.
File: ./TEMPLATE_IMAGES/MINES.png Graphic file (type png)
<use ./TEMPLATE_IMAGES/MINES.png>
Package luatex.def Info: ./TEMPLATE_IMAGES/MINES.png  used on input line 165.
(luatex.def)             Requested size: 63.37695pt x 19.91684pt.
 [8

<./Images/H2_uptake.pdf><./Images/sieverts.pdf>]
LaTeX Font Info:    Font shape `T1/phv/m/it' in size <9> not available
(Font)              Font shape `T1/phv/m/sl' tried instead on input line 231.
<Images/CL.pdf, id=414, 252.67964pt x 252.67963pt>
File: Images/CL.pdf Graphic file (type pdf)
<use Images/CL.pdf>
Package luatex.def Info: Images/CL.pdf  used on input line 231.
(luatex.def)             Requested size: 71.13188pt x 71.1315pt.
<Images/CT.pdf, id=415, 259.22627pt x 149.9979pt>
File: Images/CT.pdf Graphic file (type pdf)
<use Images/CT.pdf>
Package luatex.def Info: Images/CT.pdf  used on input line 231.
(luatex.def)             Requested size: 128.0374pt x 74.08781pt.
File: ./TEMPLATE_IMAGES/MINES.png Graphic file (type png)
<use ./TEMPLATE_IMAGES/MINES.png>
Package luatex.def Info: ./TEMPLATE_IMAGES/MINES.png  used on input line 231.
(luatex.def)             Requested size: 63.37695pt x 19.91684pt.

Overfull \vbox (10.16205pt too high) detected at line 231
 []

[9

<./Images/CL.pdf><./Images/CT.pdf>]
<Images/damage_evolution.pdf, id=466, 740.87717pt x 305.05132pt>
File: Images/damage_evolution.pdf Graphic file (type pdf)
<use Images/damage_evolution.pdf>
Package luatex.def Info: Images/damage_evolution.pdf  used on input line 254.
(luatex.def)             Requested size: 302.1663pt x 124.41087pt.
File: ./TEMPLATE_IMAGES/MINES.png Graphic file (type png)
<use ./TEMPLATE_IMAGES/MINES.png>
Package luatex.def Info: ./TEMPLATE_IMAGES/MINES.png  used on input line 254.
(luatex.def)             Requested size: 63.37695pt x 19.91684pt.
 [10

<./Images/damage_evolution.pdf>]
<Images/HEDE3.pdf, id=519, 576.46544pt x 217.03824pt>
File: Images/HEDE3.pdf Graphic file (type pdf)
<use Images/HEDE3.pdf>
Package luatex.def Info: Images/HEDE3.pdf  used on input line 288.
(luatex.def)             Requested size: 251.80696pt x 94.80495pt.
File: ./TEMPLATE_IMAGES/MINES.png Graphic file (type png)
<use ./TEMPLATE_IMAGES/MINES.png>
Package luatex.def Info: ./TEMPLATE_IMAGES/MINES.png  used on input line 288.
(luatex.def)             Requested size: 63.37695pt x 19.91684pt.

[11

<./Images/HEDE3.pdf>] (./save.toc)
File: ./TEMPLATE_IMAGES/MINES.png Graphic file (type png)
<use ./TEMPLATE_IMAGES/MINES.png>
Package luatex.def Info: ./TEMPLATE_IMAGES/MINES.png  used on input line 301.
(luatex.def)             Requested size: 63.37695pt x 19.91684pt.
 [12

]
<Images/volumetric_locking.pdf, id=571, 2136.6218pt x 515.4657pt>
File: Images/volumetric_locking.pdf Graphic file (type pdf)
<use Images/volumetric_locking.pdf>
Package luatex.def Info: Images/volumetric_locking.pdf  used on input line 335.

(luatex.def)             Requested size: 335.74263pt x 80.9975pt.
<Images/Zset.jpg, id=572, 546.04pt x 205.76875pt>
File: Images/Zset.jpg Graphic file (type jpg)
<use Images/Zset.jpg>
Package luatex.def Info: Images/Zset.jpg  used on input line 335.
(luatex.def)             Requested size: 56.9055pt x 21.44151pt.
File: ./TEMPLATE_IMAGES/MINES.png Graphic file (type png)
<use ./TEMPLATE_IMAGES/MINES.png>
Package luatex.def Info: ./TEMPLATE_IMAGES/MINES.png  used on input line 335.
(luatex.def)             Requested size: 63.37695pt x 19.91684pt.
 [13

<./Images/volumetric_locking.pdf><./Images/Zset.jpg>]
<Images/comp_nlgeom-3f_B-bar.pdf, id=581, 2135.68593pt x 515.4657pt>
File: Images/comp_nlgeom-3f_B-bar.pdf Graphic file (type pdf)
<use Images/comp_nlgeom-3f_B-bar.pdf>
Package luatex.def Info: Images/comp_nlgeom-3f_B-bar.pdf  used on input line 36
7.
(luatex.def)             Requested size: 335.74263pt x 81.02896pt.
File: Images/Zset.jpg Graphic file (type jpg)
<use Images/Zset.jpg>
Package luatex.def Info: Images/Zset.jpg  used on input line 367.
(luatex.def)             Requested size: 56.9055pt x 21.44151pt.
File: ./TEMPLATE_IMAGES/MINES.png Graphic file (type png)
<use ./TEMPLATE_IMAGES/MINES.png>
Package luatex.def Info: ./TEMPLATE_IMAGES/MINES.png  used on input line 367.
(luatex.def)             Requested size: 63.37695pt x 19.91684pt.
 [14

<./Images/comp_nlgeom-3f_B-bar.pdf>]
<Images/Load_LLOD_Bbar.pdf, id=594, 331.40631pt x 330.75937pt>
File: Images/Load_LLOD_Bbar.pdf Graphic file (type pdf)
<use Images/Load_LLOD_Bbar.pdf>
Package luatex.def Info: Images/Load_LLOD_Bbar.pdf  used on input line 402.
(luatex.def)             Requested size: 117.5094pt x 117.2816pt.
<Images/pressure_Bbar.pdf, id=595, 1501.74821pt x 1909.01819pt>
File: Images/pressure_Bbar.pdf Graphic file (type pdf)
<use Images/pressure_Bbar.pdf>
Package luatex.def Info: Images/pressure_Bbar.pdf  used on input line 402.
(luatex.def)             Requested size: 100.7238pt x 128.02298pt.
File: ./TEMPLATE_IMAGES/MINES.png Graphic file (type png)
<use ./TEMPLATE_IMAGES/MINES.png>
Package luatex.def Info: ./TEMPLATE_IMAGES/MINES.png  used on input line 402.
(luatex.def)             Requested size: 63.37695pt x 19.91684pt.
 [15

<./Images/Load_LLOD_Bbar.pdf><./Images/pressure_Bbar.pdf>]
<Images/mesh_dependency.pdf, id=958, 331.4129pt x 131.86212pt>
File: Images/mesh_dependency.pdf Graphic file (type pdf)
<use Images/mesh_dependency.pdf>
Package luatex.def Info: Images/mesh_dependency.pdf  used on input line 425.
(luatex.def)             Requested size: 302.1663pt x 120.22609pt.
File: ./TEMPLATE_IMAGES/MINES.png Graphic file (type png)
<use ./TEMPLATE_IMAGES/MINES.png>
Package luatex.def Info: ./TEMPLATE_IMAGES/MINES.png  used on input line 425.
(luatex.def)             Requested size: 63.37695pt x 19.91684pt.
 [16

<./Images/mesh_dependency.pdf>]
<Images/comp_kappa.pdf, id=33676, 621.1831pt x 281.7832pt>
File: Images/comp_kappa.pdf Graphic file (type pdf)
<use Images/comp_kappa.pdf>
Package luatex.def Info: Images/comp_kappa.pdf  used on input line 474.
(luatex.def)             Requested size: 170.71652pt x 77.44116pt.
<Images/elements.pdf, id=33677, 495.15663pt x 535.59087pt>
File: Images/elements.pdf Graphic file (type pdf)
<use Images/elements.pdf>
Package luatex.def Info: Images/elements.pdf  used on input line 474.
(luatex.def)             Requested size: 113.81102pt x 123.10158pt.
File: ./TEMPLATE_IMAGES/MINES.png Graphic file (type png)
<use ./TEMPLATE_IMAGES/MINES.png>
Package luatex.def Info: ./TEMPLATE_IMAGES/MINES.png  used on input line 474.
(luatex.def)             Requested size: 63.37695pt x 19.91684pt.

[17

<./Images/comp_kappa.pdf><./Images/elements.pdf>] (./save.toc)
File: ./TEMPLATE_IMAGES/MINES.png Graphic file (type png)
<use ./TEMPLATE_IMAGES/MINES.png>
Package luatex.def Info: ./TEMPLATE_IMAGES/MINES.png  used on input line 489.
(luatex.def)             Requested size: 63.37695pt x 19.91684pt.
 [18

]
<Images/machine_DPT.pdf, id=34063, 267.04456pt x 353.61798pt>
File: Images/machine_DPT.pdf Graphic file (type pdf)
<use Images/machine_DPT.pdf>
Package luatex.def Info: Images/machine_DPT.pdf  used on input line 525.
(luatex.def)             Requested size: 113.81102pt x 150.70921pt.
<Images/HEI.png, id=34064, 343.2825pt x 144.54pt>
File: Images/HEI.png Graphic file (type png)
<use Images/HEI.png>
Package luatex.def Info: Images/HEI.png  used on input line 525.
(luatex.def)             Requested size: 56.9055pt x 23.95833pt.
<Images/machine_DPT_2.jpg, id=34065, 142.8593pt x 158.32172pt>
File: Images/machine_DPT_2.jpg Graphic file (type jpg)
<use Images/machine_DPT_2.jpg>
Package luatex.def Info: Images/machine_DPT_2.jpg  used on input line 525.
(luatex.def)             Requested size: 78.24507pt x 86.71725pt.
<Images/std_disk.pdf, id=34066, 401.24907pt x 343.47873pt>
File: Images/std_disk.pdf Graphic file (type pdf)
<use Images/std_disk.pdf>
Package luatex.def Info: Images/std_disk.pdf  used on input line 525.
(luatex.def)             Requested size: 56.9055pt x 48.71037pt.
<Images/rupture_disk.png, id=34067, 769.37437pt x 523.20468pt>
File: Images/rupture_disk.png Graphic file (type png)
<use Images/rupture_disk.png>
Package luatex.def Info: Images/rupture_disk.png  used on input line 525.
(luatex.def)             Requested size: 113.81102pt x 77.39156pt.
File: ./TEMPLATE_IMAGES/MINES.png Graphic file (type png)
<use ./TEMPLATE_IMAGES/MINES.png>
Package luatex.def Info: ./TEMPLATE_IMAGES/MINES.png  used on input line 525.
(luatex.def)             Requested size: 63.37695pt x 19.91684pt.

Overfull \vbox (21.44124pt too high) detected at line 525
 []

[19

<./Images/machine_DPT.pdf><./Images/HEI.png><./Images/machine_DPT_2.jpg><./Image
s/std_disk.pdf><./Images/rupture_disk.png>]
<Images/disks.pdf, id=34455, 295.84511pt x 135.47888pt>
File: Images/disks.pdf Graphic file (type pdf)
<use Images/disks.pdf>
Package luatex.def Info: Images/disks.pdf  used on input line 548.
(luatex.def)             Requested size: 302.1663pt x 138.37265pt.
File: ./TEMPLATE_IMAGES/MINES.png Graphic file (type png)
<use ./TEMPLATE_IMAGES/MINES.png>
Package luatex.def Info: ./TEMPLATE_IMAGES/MINES.png  used on input line 548.
(luatex.def)             Requested size: 63.37695pt x 19.91684pt.
 [20

<./Images/disks.pdf>]
<Images/disks_rupture.pdf, id=44940, 940.7194pt x 253.403pt>
File: Images/disks_rupture.pdf Graphic file (type pdf)
<use Images/disks_rupture.pdf>
Package luatex.def Info: Images/disks_rupture.pdf  used on input line 565.
(luatex.def)             Requested size: 318.95447pt x 85.91614pt.
File: ./TEMPLATE_IMAGES/MINES.png Graphic file (type png)
<use ./TEMPLATE_IMAGES/MINES.png>
Package luatex.def Info: ./TEMPLATE_IMAGES/MINES.png  used on input line 565.
(luatex.def)             Requested size: 63.37695pt x 19.91684pt.

[21

<./Images/disks_rupture.pdf>]
<Images/voce_law.png, id=50166, 1324.95pt x 91.34125pt>
File: Images/voce_law.png Graphic file (type png)
<use Images/voce_law.png>
Package luatex.def Info: Images/voce_law.png  used on input line 622.
(luatex.def)             Requested size: 213.8651pt x 14.74312pt.

Overfull \hbox (13.63445pt too wide) in paragraph at lines 622--622
 [] 
 []

<Images/plot_X52_radial.pdf, id=50167, 289.08pt x 289.48265pt>
File: Images/plot_X52_radial.pdf Graphic file (type pdf)
<use Images/plot_X52_radial.pdf>
Package luatex.def Info: Images/plot_X52_radial.pdf  used on input line 622.
(luatex.def)             Requested size: 111.636pt x 111.78906pt.
<Images/plot_E355_radial.pdf, id=50168, 289.08pt x 289.48265pt>
File: Images/plot_E355_radial.pdf Graphic file (type pdf)
<use Images/plot_E355_radial.pdf>
Package luatex.def Info: Images/plot_E355_radial.pdf  used on input line 622.
(luatex.def)             Requested size: 111.636pt x 111.78906pt.
File: ./TEMPLATE_IMAGES/MINES.png Graphic file (type png)
<use ./TEMPLATE_IMAGES/MINES.png>
Package luatex.def Info: ./TEMPLATE_IMAGES/MINES.png  used on input line 622.
(luatex.def)             Requested size: 63.37695pt x 19.91684pt.

Overfull \vbox (3.67015pt too high) detected at line 622
 []

[22

<./Images/voce_law.png><./Images/plot_X52_radial.pdf><./Images/plot_E355_radial.
pdf>]
<Images/all_BC_std.pdf, id=50291, 343.8824pt x 92.56065pt>
File: Images/all_BC_std.pdf Graphic file (type pdf)
<use Images/all_BC_std.pdf>
Package luatex.def Info: Images/all_BC_std.pdf  used on input line 643.
(luatex.def)             Requested size: 235.01881pt x 63.25958pt.
File: ./TEMPLATE_IMAGES/MINES.png Graphic file (type png)
<use ./TEMPLATE_IMAGES/MINES.png>
Package luatex.def Info: ./TEMPLATE_IMAGES/MINES.png  used on input line 643.
(luatex.def)             Requested size: 63.37695pt x 19.91684pt.
 [23

<./Images/ALL_BC_std.pdf>]
<Images/disks_helium.pdf, id=50648, 773.4874pt x 425.4567pt>
File: Images/disks_helium.pdf Graphic file (type pdf)
<use Images/disks_helium.pdf>
Package luatex.def Info: Images/disks_helium.pdf  used on input line 668.
(luatex.def)             Requested size: 285.38327pt x 156.97505pt.
<Images/fracto+simulation.png.pdf, id=50649, 2347.01624pt x 1280.71748pt>
File: Images/fracto+simulation.png.pdf Graphic file (type pdf)
<use Images/fracto+simulation.png.pdf>
Package luatex.def Info: Images/fracto+simulation.png.pdf  used on input line 6
68.
(luatex.def)             Requested size: 106.69783pt x 58.21606pt.
File: ./TEMPLATE_IMAGES/MINES.png Graphic file (type png)
<use ./TEMPLATE_IMAGES/MINES.png>
Package luatex.def Info: ./TEMPLATE_IMAGES/MINES.png  used on input line 668.
(luatex.def)             Requested size: 63.37695pt x 19.91684pt.

Overfull \vbox (3.72368pt too high) detected at line 668
 []

[24

<./Images/disks_helium.pdf><./Images/fracto+simulation.png.pdf>]
<Images/H2_results_E355.pdf, id=52622, 447.43289pt x 329.86124pt>
File: Images/H2_results_E355.pdf Graphic file (type pdf)
<use Images/H2_results_E355.pdf>
Package luatex.def Info: Images/H2_results_E355.pdf  used on input line 679.
(luatex.def)             Requested size: 285.38327pt x 210.40076pt.
File: ./TEMPLATE_IMAGES/MINES.png Graphic file (type png)
<use ./TEMPLATE_IMAGES/MINES.png>
Package luatex.def Info: ./TEMPLATE_IMAGES/MINES.png  used on input line 679.
(luatex.def)             Requested size: 63.37695pt x 19.91684pt.
 [25

<./Images/H2_results_E355.pdf>]
<Images/embrittled_depth.pdf, id=52767, 534.91714pt x 378.55794pt>
File: Images/embrittled_depth.pdf Graphic file (type pdf)
<use Images/embrittled_depth.pdf>
Package luatex.def Info: Images/embrittled_depth.pdf  used on input line 690.
(luatex.def)             Requested size: 302.1663pt x 213.84518pt.
File: ./TEMPLATE_IMAGES/MINES.png Graphic file (type png)
<use ./TEMPLATE_IMAGES/MINES.png>
Package luatex.def Info: ./TEMPLATE_IMAGES/MINES.png  used on input line 690.
(luatex.def)             Requested size: 63.37695pt x 19.91684pt.
 [26

<./Images/embrittled_depth.pdf>]
<Images/cases.pdf, id=52969, 563.7213pt x 257.2178pt>
File: Images/cases.pdf Graphic file (type pdf)
<use Images/cases.pdf>
Package luatex.def Info: Images/cases.pdf  used on input line 720.
(luatex.def)             Requested size: 175.42592pt x 80.04282pt.
<Images/plot_NT_epcum.pdf, id=52970, 345.23119pt x 327.0539pt>
File: Images/plot_NT_epcum.pdf Graphic file (type pdf)
<use Images/plot_NT_epcum.pdf>
Package luatex.def Info: Images/plot_NT_epcum.pdf  used on input line 720.
(luatex.def)             Requested size: 151.08315pt x 143.13063pt.
File: ./TEMPLATE_IMAGES/MINES.png Graphic file (type png)
<use ./TEMPLATE_IMAGES/MINES.png>
Package luatex.def Info: ./TEMPLATE_IMAGES/MINES.png  used on input line 720.
(luatex.def)             Requested size: 63.37695pt x 19.91684pt.
 [27

<./Images/cases.pdf><./Images/plot_NT_epcum.pdf>]
<Images/table_zoom.pdf, id=53031, 3459.5273pt x 2380.30392pt>
File: Images/table_zoom.pdf Graphic file (type pdf)
<use Images/table_zoom.pdf>
Package luatex.def Info: Images/table_zoom.pdf  used on input line 731.
(luatex.def)             Requested size: 302.1663pt x 207.89835pt.
File: ./TEMPLATE_IMAGES/MINES.png Graphic file (type png)
<use ./TEMPLATE_IMAGES/MINES.png>
Package luatex.def Info: ./TEMPLATE_IMAGES/MINES.png  used on input line 731.
(luatex.def)             Requested size: 63.37695pt x 19.91684pt.
 [28

<./Images/table_zoom.pdf>]
<Images/sigp1_pressure.pdf, id=53199, 462.528pt x 346.896pt>
File: Images/sigp1_pressure.pdf Graphic file (type pdf)
<use Images/sigp1_pressure.pdf>
Package luatex.def Info: Images/sigp1_pressure.pdf  used on input line 761.
(luatex.def)             Requested size: 164.51573pt x 123.38977pt.
<Images/plot_sigp1_C_edit.pdf, id=53200, 462.52878pt x 346.89757pt>
File: Images/plot_sigp1_C_edit.pdf Graphic file (type pdf)
<use Images/plot_sigp1_C_edit.pdf>
Package luatex.def Info: Images/plot_sigp1_C_edit.pdf  used on input line 761.
(luatex.def)             Requested size: 164.51573pt x 123.39034pt.
File: ./TEMPLATE_IMAGES/MINES.png Graphic file (type png)
<use ./TEMPLATE_IMAGES/MINES.png>
Package luatex.def Info: ./TEMPLATE_IMAGES/MINES.png  used on input line 761.
(luatex.def)             Requested size: 63.37695pt x 19.91684pt.
 [29

<./Images/sigp1_pressure.pdf><./Images/plot_sigp1_C_edit.pdf>] (./save.toc)
File: ./TEMPLATE_IMAGES/MINES.png Graphic file (type png)
<use ./TEMPLATE_IMAGES/MINES.png>
Package luatex.def Info: ./TEMPLATE_IMAGES/MINES.png  used on input line 774.
(luatex.def)             Requested size: 63.37695pt x 19.91684pt.
 [30

]
<Images/machine_fenhyx.pdf, id=53364, 846.24359pt x 760.77095pt>
File: Images/machine_fenhyx.pdf Graphic file (type pdf)
<use Images/machine_fenhyx.pdf>
Package luatex.def Info: Images/machine_fenhyx.pdf  used on input line 819.
(luatex.def)             Requested size: 131.61308pt x 118.31296pt.
<Images/TDS_specimen.pdf, id=53365, 482.1637pt x 266.75964pt>
File: Images/TDS_specimen.pdf Graphic file (type pdf)
<use Images/TDS_specimen.pdf>
Package luatex.def Info: Images/TDS_specimen.pdf  used on input line 819.
(luatex.def)             Requested size: 148.06314pt x 81.91718pt.
File: ./TEMPLATE_IMAGES/MINES.png Graphic file (type png)
<use ./TEMPLATE_IMAGES/MINES.png>
Package luatex.def Info: ./TEMPLATE_IMAGES/MINES.png  used on input line 819.
(luatex.def)             Requested size: 63.37695pt x 19.91684pt.
 [31

<./Images/machine_fenhyx.pdf><./Images/TDS_specimen.pdf>]
<Images/TDS_spectra.pdf, id=53401, 757.84393pt x 254.06628pt>
File: Images/TDS_spectra.pdf Graphic file (type pdf)
<use Images/TDS_spectra.pdf>
Package luatex.def Info: Images/TDS_spectra.pdf  used on input line 840.
(luatex.def)             Requested size: 318.95447pt x 106.93195pt.
File: ./TEMPLATE_IMAGES/MINES.png Graphic file (type png)
<use ./TEMPLATE_IMAGES/MINES.png>
Package luatex.def Info: ./TEMPLATE_IMAGES/MINES.png  used on input line 840.
(luatex.def)             Requested size: 63.37695pt x 19.91684pt.
 [32

<./Images/TDS_spectra.pdf>]
<Images/TDS_BC.pdf, id=53464, 1242.85178pt x 875.04259pt>
File: Images/TDS_BC.pdf Graphic file (type pdf)
<use Images/TDS_BC.pdf>
Package luatex.def Info: Images/TDS_BC.pdf  used on input line 881.
(luatex.def)             Requested size: 174.58517pt x 122.90569pt.
<Images/plot_time_stress.pdf, id=53465, 345.4506pt x 345.4506pt>
File: Images/plot_time_stress.pdf Graphic file (type pdf)
<use Images/plot_time_stress.pdf>
Package luatex.def Info: Images/plot_time_stress.pdf  used on input line 881.
(luatex.def)             Requested size: 116.33748pt x 116.33417pt.
<Images/NT_TDS.pdf, id=53466, 334.79005pt x 327.05412pt>
File: Images/NT_TDS.pdf Graphic file (type pdf)
<use Images/NT_TDS.pdf>
Package luatex.def Info: Images/NT_TDS.pdf  used on input line 881.
(luatex.def)             Requested size: 111.636pt x 109.05603pt.
File: ./TEMPLATE_IMAGES/MINES.png Graphic file (type png)
<use ./TEMPLATE_IMAGES/MINES.png>
Package luatex.def Info: ./TEMPLATE_IMAGES/MINES.png  used on input line 881.
(luatex.def)             Requested size: 63.37695pt x 19.91684pt.

Overfull \vbox (5.48222pt too high) detected at line 881
 []

[33

<./Images/TDS_BC.pdf><./Images/plot_time_stress.pdf><./Images/NT_TDS.pdf>]
<Images/strain_effect.pdf, id=53890, 975.96315pt x 371.65399pt>
File: Images/strain_effect.pdf Graphic file (type pdf)
<use Images/strain_effect.pdf>
Package luatex.def Info: Images/strain_effect.pdf  used on input line 905.
(luatex.def)             Requested size: 335.74263pt x 127.85214pt.
File: ./TEMPLATE_IMAGES/MINES.png Graphic file (type png)
<use ./TEMPLATE_IMAGES/MINES.png>
Package luatex.def Info: ./TEMPLATE_IMAGES/MINES.png  used on input line 905.
(luatex.def)             Requested size: 63.37695pt x 19.91684pt.

[34

<./Images/strain_effect.pdf>]
<Images/resting_time.pdf, id=57260, 317.84935pt x 120.70856pt>
File: Images/resting_time.pdf Graphic file (type pdf)
<use Images/resting_time.pdf>
Package luatex.def Info: Images/resting_time.pdf  used on input line 924.
(luatex.def)             Requested size: 335.74263pt x 127.50471pt.
File: ./TEMPLATE_IMAGES/MINES.png Graphic file (type png)
<use ./TEMPLATE_IMAGES/MINES.png>
Package luatex.def Info: ./TEMPLATE_IMAGES/MINES.png  used on input line 924.
(luatex.def)             Requested size: 63.37695pt x 19.91684pt.
 [35

<./Images/resting_time.pdf>]
<Images/strain_rate_effect.pdf, id=58435, 345.2464pt x 345.4506pt>
File: Images/strain_rate_effect.pdf Graphic file (type pdf)
<use Images/strain_rate_effect.pdf>
Package luatex.def Info: Images/strain_rate_effect.pdf  used on input line 959.

(luatex.def)             Requested size: 135.9739pt x 136.05351pt.
<Images/C_field_strain_rate_effect.pdf, id=58436, 998.58588pt x 308.86096pt>
File: Images/C_field_strain_rate_effect.pdf Graphic file (type pdf)
<use Images/C_field_strain_rate_effect.pdf>
Package luatex.def Info: Images/C_field_strain_rate_effect.pdf  used on input l
ine 959.
(luatex.def)             Requested size: 218.23065pt x 67.49718pt.
File: ./TEMPLATE_IMAGES/MINES.png Graphic file (type png)
<use ./TEMPLATE_IMAGES/MINES.png>
Package luatex.def Info: ./TEMPLATE_IMAGES/MINES.png  used on input line 959.
(luatex.def)             Requested size: 63.37695pt x 19.91684pt.
 [36

<./Images/strain_rate_effect.pdf><./Images/C_field_strain_rate_effect.pdf>]
<Images/Dwell_No_Dwell.pdf, id=61033, 932.64058pt x 345.45097pt>
File: Images/Dwell_No_Dwell.pdf Graphic file (type pdf)
<use Images/Dwell_No_Dwell.pdf>
Package luatex.def Info: Images/Dwell_No_Dwell.pdf  used on input line 978.
(luatex.def)             Requested size: 335.74263pt x 124.35698pt.
File: ./TEMPLATE_IMAGES/MINES.png Graphic file (type png)
<use ./TEMPLATE_IMAGES/MINES.png>
Package luatex.def Info: ./TEMPLATE_IMAGES/MINES.png  used on input line 978.
(luatex.def)             Requested size: 63.37695pt x 19.91684pt.
 [37

<./Images/Dwell_No_Dwell.pdf>] (./save.toc)
File: ./TEMPLATE_IMAGES/MINES.png Graphic file (type png)
<use ./TEMPLATE_IMAGES/MINES.png>
Package luatex.def Info: ./TEMPLATE_IMAGES/MINES.png  used on input line 991.
(luatex.def)             Requested size: 63.37695pt x 19.91684pt.
 [38

] (./save.toc)
File: ./TEMPLATE_IMAGES/MINES.png Graphic file (type png)
<use ./TEMPLATE_IMAGES/MINES.png>
Package luatex.def Info: ./TEMPLATE_IMAGES/MINES.png  used on input line 1005.
(luatex.def)             Requested size: 63.37695pt x 19.91684pt.
 [39

] (./save.toc)
File: ./TEMPLATE_IMAGES/MINES.png Graphic file (type png)
<use ./TEMPLATE_IMAGES/MINES.png>
Package luatex.def Info: ./TEMPLATE_IMAGES/MINES.png  used on input line 1019.
(luatex.def)             Requested size: 63.37695pt x 19.91684pt.
 [40

]
<TEMPLATE_IMAGES/MINES.png, id=64563, 1083.04625pt x 340.27126pt>
File: TEMPLATE_IMAGES/MINES.png Graphic file (type png)
<use TEMPLATE_IMAGES/MINES.png>
Package luatex.def Info: TEMPLATE_IMAGES/MINES.png  used on input line 1071.
(luatex.def)             Requested size: 120.8698pt x 37.96992pt.
<TEMPLATE_IMAGES/MESSIAH.pdf, id=64564, 116.33302pt x 74.58894pt>
File: TEMPLATE_IMAGES/MESSIAH.pdf Graphic file (type pdf)
<use TEMPLATE_IMAGES/MESSIAH.pdf>
Package luatex.def Info: TEMPLATE_IMAGES/MESSIAH.pdf  used on input line 1071.
(luatex.def)             Requested size: 67.14749pt x 43.05446pt.
<TEMPLATE_IMAGES/logos_MESSIAH.pdf, id=64565, 2799.98439pt x 218.4091pt>
File: TEMPLATE_IMAGES/logos_MESSIAH.pdf Graphic file (type pdf)
<use TEMPLATE_IMAGES/logos_MESSIAH.pdf>
Package luatex.def Info: TEMPLATE_IMAGES/logos_MESSIAH.pdf  used on input line 
1071.
(luatex.def)             Requested size: 335.74263pt x 26.18796pt.

Overfull \hbox (12.00002pt too wide) in paragraph at lines 1071--1071
 [] 
 []

[41

<./TEMPLATE_IMAGES/MINES.png><./TEMPLATE_IMAGES/MESSIAH.pdf><./TEMPLATE_IMAGES/l
ogos_MESSIAH.pdf>]
\tf@nav=\write7

\openout7 = save.nav
\tf@toc=\write8

\openout8 = save.toc
\tf@snm=\write9

\openout9 = save.snm
 (./save.aux)
Package rerunfilecheck Info: File `save.out' has not changed.
(rerunfilecheck)             Checksum: 700EB5FE7551AA526489FE71C2D60163;1733.
Package logreq Info: Writing requests to 'save.run.xml'.

\openout1 = save.run.xml
)

Here is how much of LuaTeX's memory you used:
 40584 strings out of 477805
 125176,1648299 words of node,token memory allocated
 5010 words of node memory still in use:
   68 hlist, 11 vlist, 10 rule, 10 local_par, 10 math, 136 glue, 91 kern, 41 pen
alty, 65 glyph, 495 attribute, 73 glue_spec, 249 attribute_list, 4 write, 24 pdf
_literal, 16 pdf_colorstack, 3 pdf_setmatrix, 3 pdf_save, 3 pdf_restore nodes
   avail lists: 1:3,2:868,3:367,4:352,5:234,6:49,7:2059,8:40,9:654,10:17,11:160
 58825 multiletter control sequences out of 65536+600000
 143 fonts using 10298471 bytes
 128i,14n,115p,736b,2050s stack positions out of 5000i,500n,10000p,200000b,80000s
{/usr/share/texlive/texmf-dist/fonts/enc/dvips/base/8r.enc}</usr/share/texlive/t
exmf-dist/fonts/type1/public/amsfonts/cm/cmbx8.pfb></usr/share/texlive/texmf-dis
t/fonts/type1/public/amsfonts/cm/cmbx9.pfb></usr/share/texlive/texmf-dist/fonts/
type1/public/amsfonts/cmextra/cmex8.pfb></usr/share/texlive/texmf-dist/fonts/typ
e1/public/amsfonts/cmextra/cmex9.pfb></usr/share/texlive/texmf-dist/fonts/type1/
public/amsfonts/cm/cmmi6.pfb></usr/share/texlive/texmf-dist/fonts/type1/public/a
msfonts/cm/cmmi8.pfb></usr/share/texlive/texmf-dist/fonts/type1/public/amsfonts/
cm/cmmi9.pfb></usr/share/texlive/texmf-dist/fonts/type1/public/amsfonts/cm/cmr8.
pfb></usr/share/texlive/texmf-dist/fonts/type1/public/amsfonts/cm/cmr9.pfb></usr
/share/texlive/texmf-dist/fonts/type1/public/amsfonts/cm/cmsy6.pfb></usr/share/t
exlive/texmf-dist/fonts/type1/public/amsfonts/cm/cmsy8.pfb></usr/share/texlive/t
exmf-dist/fonts/type1/public/amsfonts/cm/cmsy9.pfb></usr/share/texlive/texmf-dis
t/fonts/type1/public/amsfonts/symbols/msam10.pfb></usr/share/texlive/texmf-dist/
fonts/type1/urw/courier/ucrb8a.pfb></usr/share/texlive/texmf-dist/fonts/type1/ur
w/courier/ucrr8a.pfb></usr/share/texlive/texmf-dist/fonts/type1/urw/helvetic/uhv
b8a.pfb></usr/share/texlive/texmf-dist/fonts/type1/urw/helvetic/uhvr8a.pfb></usr
/share/texlive/texmf-dist/fonts/type1/urw/helvetic/uhvro8a.pfb></usr/share/texli
ve/texmf-dist/fonts/type1/urw/times/utmbi8a.pfb></usr/share/texlive/texmf-dist/f
onts/type1/urw/times/utmr8a.pfb></usr/share/texlive/texmf-dist/fonts/type1/urw/t
imes/utmri8a.pfb>
Output written on save.pdf (41 pages, 25853499 bytes).

PDF statistics: 64721 PDF objects out of 66169 (max. 8388607)
 42900 compressed objects within 429 object streams
 93 named destinations out of 1000 (max. 131072)
 166 words of extra memory for PDF output out of 10000 (max. 100000000)

